YES
890
YES
3258
YES
34
YES
990
YES
349
YES
91
YES
1283
YES
720
YES
915
YES
933
YES
1239
YES
845
YES
63
YES
324
YES
978
YES
285
YES
491
YES
831
YES
571
YES
756
YES
1895
YES
857
YES
1103
YES
681
YES
2014
YES
450
YES
1981
YES
1330
YES
301
YES
675
YES
378
YES
2393
YES
2116
YES
3263
YES
1481
YES
1340
YES
2114
YES
176
YES
751
YES
3011
YES
1687
YES
990
YES
23
YES
514
YES
44
YES
103
YES
1509
YES
1199
YES
403
YES
2427
YES
1570
YES
2595
YES
1167
YES
458
YES
2481
YES
53
YES
278
YES
3204
YES
1684
YES
258
YES
3204
YES
2119
YES
703
YES
1372
YES
512
YES
1368
YES
1976
YES
79
YES
1195
YES
1253
YES
1344
YES
2374
YES
1031
YES
2103
YES
2392
YES
435
YES
3369
YES
2086
YES
685
YES
931
YES
196
YES
1294
YES
1057
YES
2474
YES
325
YES
98
YES
989
YES
1409
YES
1050
YES
3013
YES
525
YES
312
YES
925
YES
168
YES
3527
YES
2572
YES
3531
YES
407
YES
420
YES
1012
YES
2314
YES
2091
YES
853
YES
2720
YES
622
YES
1338
YES
2247
YES
18
YES
1567
YES
2353
YES
2135
YES
1216
YES
494
YES
1121
YES
2062
YES
1746
YES
3192
YES
3494
YES
949
YES
1527
YES
1417
YES
182
YES
2778
YES
2561
YES
2318
YES
559
YES
1628
YES
2056
YES
1752
YES
3531
YES
2001
YES
986
YES
647
YES
2041
YES
2097
YES
1515
YES
2463
YES
865
YES
32
YES
2860
YES
987
YES
1608
YES
306
YES
625
YES
238
YES
1534
YES
68
YES
1242
YES
2060
YES
974
YES
357
YES
615
YES
2597
YES
1297
YES
1650
YES
1878
YES
3044
YES
2145
YES
814
YES
1887
YES
3364
YES
629
YES
152
YES
538
YES
1462
YES
1191
YES
3538
YES
1388
YES
2373
YES
529
YES
56
YES
3794
YES
3449
YES
2924
YES
1291
YES
2464
YES
104
YES
2736
YES
1936
YES
3486
YES
222
YES
3436
YES
279
YES
298
YES
27
YES
915
YES
1377
YES
2646
YES
303
YES
652
YES
1271
YES
1668
YES
1952
YES
653
YES
150
YES
670
YES
538
YES
432
YES
547
YES
181
YES
1624
YES
578
YES
2579
YES
33
YES
1813
YES
1864
YES
696
YES
2073
YES
2457
YES
2419
YES
2055
YES
2258
YES
3283
YES
1352
YES
1582
YES
866
YES
2773
YES
1985
YES
83
YES
316
YES
1302
YES
1089
YES
1224
YES
2480
YES
2707
YES
69
YES
1708
YES
594
YES
545
YES
334
YES
1450
YES
1168
YES
1329
YES
2467
YES
597
YES
2057
YES
1483
YES
1281
YES
1354
YES
2273
YES
387
YES
245
YES
189
YES
1509
YES
833
YES
368
YES
20
YES
403
YES
2973
YES
3180
YES
1293
YES
2048
YES
1874
YES
2835
YES
675
YES
1808
YES
291
YES
1058
YES
2990
YES
1219
YES
2753
YES
2835
YES
1277
YES
1145
YES
1089
YES
2957
YES
2998
YES
2000
YES
338
YES
1712
YES
1461
YES
785
YES
1882
YES
2247
YES
3193
YES
3213
YES
86
YES
2159
YES
371
YES
82
YES
3085
YES
793
YES
1514
YES
1984
YES
2022
YES
1273
YES
218
YES
1447
YES
2463
YES
2133
YES
2104
YES
1010
YES
2337
YES
1273
YES
1142
YES
341
YES
2367
YES
651
YES
657
YES
1794
YES
1197
YES
1601
YES
1346
YES
2433
YES
1263
YES
403
YES
1025
YES
1097
YES
453
YES
1446
YES
1174
YES
193
YES
3583
YES
416
YES
2905
YES
184
YES
2538
YES
2166
YES
572
YES
605
YES
2772
YES
112
YES
2273
YES
725
YES
2334
YES
3132
YES
389
YES
3782
YES
1254
YES
1447
YES
539
YES
401
YES
2871
YES
3252
YES
1727
YES
2570
YES
25
YES
2
YES
313
YES
1164
YES
1431
YES
726
YES
1335
YES
151
YES
2736
YES
2121
YES
2642
YES
2000
YES
517
YES
2778
YES
988
YES
1219
YES
102
YES
1675
YES
1153
YES
1177
YES
1844
YES
2013
YES
206
YES
2561
YES
157
YES
2419
YES
1612
YES
1093
YES
2544
YES
1915
YES
2895
YES
1420
YES
300
YES
2367
YES
104
YES
523
YES
1057
YES
1992
YES
1431
YES
1370
YES
64
YES
661
YES
423
YES
2953
YES
1337
YES
2316
YES
349
YES
1031
YES
2746
YES
1420
YES
2154
YES
1135
YES
2674
YES
237
YES
2614
YES
2980
YES
1514
YES
1007
YES
269
YES
2226
YES
2363
YES
1011
YES
1204
YES
392
YES
540
YES
1575
YES
1385
YES
2361
YES
2980
YES
2380
YES
1983
YES
316
YES
923
YES
942
YES
1520
YES
3448
YES
2539
YES
2757
YES
810
YES
875
YES
1582
YES
1120
YES
482
YES
1273
YES
1172
YES
163
YES
1016
YES
3447
YES
2392
YES
494
YES
2028
YES
587
YES
547
YES
787
YES
1543
YES
128
YES
376
YES
380
YES
183
YES
343
YES
897
YES
1253
YES
1353
YES
72
YES
1250
YES
2570
YES
301
YES
1407
YES
1631
YES
380
YES
950
YES
803
YES
259
YES
1271
YES
2468
YES
1763
YES
1794
YES
270
YES
3102
YES
191
YES
2707
YES
2230
YES
2051
YES
625
YES
464
YES
1284
YES
442
YES
1175
YES
674
YES
722
YES
1772
YES
905
YES
1359
YES
811
YES
2360
YES
140
YES
935
YES
841
YES
1427
YES
1726
YES
2262
YES
2342
YES
2990
YES
30
YES
401
YES
1493
YES
206
YES
1936
YES
169
YES
823
YES
2772
YES
1563
YES
2363
YES
629
YES
82
YES
1135
YES
712
YES
3038
YES
1603
YES
790
YES
2529
YES
2225
YES
717
YES
3867
YES
1649
YES
1300
YES
1136
YES
422
YES
3814
YES
2261
YES
1788
YES
109
YES
944
YES
721
YES
194
YES
1502
YES
1927
YES
479
YES
1440
YES
1203
YES
1019
YES
905
YES
3320
YES
1273
YES
1067
YES
800
YES
1618
YES
3677
YES
932
YES
569
YES
3583
YES
2199
YES
1843
YES
1052
YES
564
YES
2157
YES
1049
YES
1265
YES
363
YES
857
YES
902
YES
333
YES
2555
YES
2824
YES
1437
YES
1603
YES
855
YES
2760
YES
344
YES
2788
YES
1845
YES
996
YES
1438
YES
1215
YES
572
YES
1527
YES
1906
YES
489
YES
742
YES
710
YES
90
YES
2050
YES
1094
YES
890
YES
1387
YES
2008
YES
1402
YES
11
YES
2008
YES
141
YES
861
YES
2360
YES
1284
YES
314
YES
3037
YES
1251
YES
48
YES
1542
YES
2494
YES
593
YES
2538
YES
3135
YES
20
YES
402
YES
902
YES
2337
YES
678
YES
1200
YES
1842
YES
1243
YES
358
YES
628
YES
2361
YES
3102
YES
1233
YES
2352
YES
700
YES
69
YES
2881
YES
937
YES
1618
YES
217
YES
341
YES
1142
YES
3155
YES
166
YES
3107
YES
2362
YES
1857
YES
1473
YES
1752
YES
19
YES
2516
YES
440
YES
697
YES
1895
YES
2221
YES
1995
YES
45
YES
1377
YES
1663
YES
184
YES
178
YES
1483
YES
1531
YES
1656
YES
1216
YES
1735
YES
434
YES
1270
YES
1614
YES
623
YES
1560
YES
63
YES
1546
YES
454
YES
2788
YES
221
YES
2935
YES
1821
YES
2294
YES
2564
YES
1265
YES
2212
YES
1323
YES
3044
YES
1552
YES
299
YES
1859
YES
1484
YES
2155
YES
1436
YES
692
YES
1334
YES
934
YES
1441
YES
138
YES
272
YES
402
YES
1026
YES
1937
YES
1339
YES
436
YES
2264
YES
263
YES
1829
YES
1711
YES
2777
YES
1978
YES
2273
YES
2308
YES
483
YES
2540
YES
1826
YES
2361
YES
3583
YES
1638
YES
1563
YES
983
YES
2529
YES
3071
YES
396
YES
1443
YES
877
YES
95
YES
3449
YES
937
YES
432
YES
623
YES
1842
YES
3192
YES
2068
YES
91
YES
1628
YES
1651
YES
312
YES
1334
YES
2086
YES
399
YES
2646
YES
105
YES
509
YES
583
YES
231
YES
1983
YES
965
YES
2040
YES
1237
YES
2247
YES
252
YES
653
YES
1558
YES
1370
YES
1916
YES
767
YES
1202
YES
1401
YES
2398
YES
2954
YES
476
YES
2012
YES
587
YES
336
YES
60
YES
1168
YES
1399
YES
1928
YES
1560
YES
2183
YES
1974
YES
1935
YES
1500
YES
249
YES
906
YES
2226
YES
90
YES
2771
YES
1740
YES
1673
YES
3089
YES
396
YES
1918
YES
860
YES
2436
YES
2865
YES
575
YES
1822
YES
1204
YES
899
YES
703
YES
1691
YES
1563
YES
605
YES
1484
YES
363
YES
1257
YES
2380
YES
2010
YES
3363
YES
1523
YES
988
YES
37
YES
999
YES
1220
YES
1060
YES
1190
YES
3295
YES
935
YES
321
YES
1572
YES
3410
YES
48
YES
3155
YES
1155
YES
1239
YES
421
YES
242
YES
3363
YES
3034
YES
1985
YES
1033
YES
2196
YES
2924
YES
3369
YES
1479
YES
662
YES
2684
YES
3364
YES
383
YES
1159
YES
954
YES
2953
YES
1411
YES
2982
YES
2710
YES
863
YES
833
YES
1073
YES
2508
YES
1006
YES
558
YES
2998
YES
2736
YES
2673
YES
1832
YES
1682
YES
2067
YES
1821
YES
82
YES
11
YES
2047
YES
284
YES
1184
YES
793
YES
2428
YES
3320
YES
1242
YES
1169
YES
2652
YES
1518
YES
2377
YES
712
YES
3573
YES
226
YES
50
YES
1523
YES
446
YES
1250
YES
456
YES
1439
YES
2428
YES
1925
YES
1815
YES
3032
YES
1409
YES
2392
YES
1219
YES
179
YES
888
YES
3197
YES
454
YES
289
YES
1689
YES
594
YES
2159
YES
2471
YES
866
YES
452
YES
850
YES
1103
YES
2041
YES
2929
YES
837
YES
332
YES
2081
YES
1963
YES
1310
YES
10
YES
1038
YES
256
YES
1137
YES
2707
YES
1368
YES
136
YES
2417
YES
993
YES
2630
YES
730
YES
123
YES
2024
YES
1851
YES
518
YES
2135
YES
1921
YES
559
YES
1776
YES
1087
YES
1607
YES
2546
YES
2446
YES
1275
YES
3369
YES
1683
YES
519
YES
333
YES
788
YES
2191
YES
20
YES
642
YES
196
YES
417
YES
2162
YES
1632
YES
439
YES
179
YES
1674
YES
3651
YES
67
YES
1012
YES
2363
YES
909
YES
517
YES
413
YES
15
YES
3600
YES
3341
YES
595
YES
2045
YES
2226
YES
806
YES
1004
YES
1220
YES
3449
YES
1376
YES
919
YES
1120
YES
2067
YES
547
YES
1667
YES
1625
YES
816
YES
542
YES
1726
YES
806
YES
1811
YES
2055
YES
752
YES
1907
YES
1800
YES
1161
YES
501
YES
703
YES
2671
YES
197
YES
2313
YES
1240
YES
1509
YES
1521
YES
1349
YES
2680
YES
459
YES
403
YES
2319
YES
1927
YES
810
YES
2019
YES
2249
YES
1083
YES
2673
YES
1624
YES
1815
YES
998
YES
1663
YES
1396
YES
450
YES
1336
YES
3792
YES
2597
YES
220
YES
1941
YES
2393
YES
2005
YES
1284
YES
2047
YES
2057
YES
1995
YES
2489
YES
547
YES
2638
YES
242
YES
1250
YES
1675
YES
255
YES
71
YES
2166
YES
3064
YES
523
YES
1915
YES
287
YES
42
YES
2294
YES
1270
YES
1959
YES
1235
YES
266
YES
965
YES
5
YES
1329
YES
23
YES
3927
YES
81
YES
464
YES
1490
YES
1673
YES
2534
YES
2187
YES
1237
YES
216
YES
189
YES
2639
YES
1457
YES
363
YES
1500
YES
2727
YES
776
YES
1908
YES
1238
YES
1289
YES
1879
YES
1923
YES
883
YES
238
YES
410
YES
3142
YES
375
YES
3867
YES
3155
YES
443
YES
1689
YES
1979
YES
1201
YES
3283
YES
1703
YES
3153
YES
53
YES
909
YES
795
YES
695
YES
1014
YES
1284
YES
365
YES
1032
YES
1906
YES
2671
YES
1484
YES
331
YES
1635
YES
869
YES
298
YES
948
YES
482
YES
874
YES
1908
YES
2392
YES
1293
YES
2481
YES
1163
YES
1456
YES
136
YES
1397
YES
442
YES
1781
YES
1120
YES
450
YES
2289
YES
3247
YES
719
YES
1081
YES
348
YES
803
YES
1537
YES
2058
YES
563
YES
1385
YES
50
YES
2786
YES
2190
YES
1586
YES
1125
YES
1022
YES
1935
YES
591
YES
2145
YES
2273
YES
2753
YES
24
YES
1505
YES
45
YES
310
YES
851
YES
2983
YES
265
YES
2945
YES
363
YES
694
YES
2990
YES
2249
YES
2284
YES
3410
YES
620
YES
661
YES
1039
YES
922
YES
2107
YES
1470
YES
629
YES
2318
YES
1450
YES
415
YES
1159
YES
1484
YES
510
YES
1987
YES
953
YES
1981
YES
92
YES
1164
YES
981
YES
186
YES
687
YES
1537
YES
306
YES
139
YES
1166
YES
1366
YES
467
YES
987
YES
981
YES
2040
YES
1035
YES
1844
YES
881
YES
2973
YES
1523
YES
1551
YES
3153
YES
661
YES
2915
YES
1083
YES
2034
YES
965
YES
2458
YES
1887
YES
1059
YES
943
YES
1539
YES
1318
YES
1174
YES
1331
YES
1248
YES
2674
YES
861
YES
1911
YES
486
YES
167
YES
698
YES
1668
YES
745
YES
602
YES
637
YES
2353
YES
2777
YES
2261
YES
2295
YES
7
YES
2184
YES
2216
YES
91
YES
1170
YES
1871
YES
1484
YES
782
YES
279
YES
3500
YES
988
YES
1534
YES
659
YES
1433
YES
337
YES
228
YES
1678
YES
289
YES
1777
YES
2190
YES
1080
YES
5
YES
873
YES
1149
YES
1049
YES
269
YES
612
YES
37
YES
1654
YES
790
YES
2446
YES
762
YES
245
YES
411
YES
2471
YES
1210
YES
318
YES
2609
YES
532
YES
1748
YES
632
YES
2570
YES
933
YES
1685
YES
178
YES
915
YES
1093
YES
1967
YES
2305
YES
2585
YES
1031
YES
2767
YES
1612
YES
1905
YES
3247
YES
145
YES
820
YES
2209
YES
89
YES
541
YES
1395
YES
32
YES
2199
YES
594
YES
2455
YES
39
YES
2815
YES
1056
YES
2625
YES
3447
YES
49
YES
2465
YES
375
YES
102
YES
1235
YES
824
YES
866
YES
1105
YES
1053
YES
2030
YES
1013
YES
1628
YES
2534
YES
3829
YES
877
YES
1691
YES
1265
YES
31
YES
2597
YES
3486
YES
1439
YES
2537
YES
299
YES
1272
YES
1311
YES
1041
YES
213
YES
1365
YES
749
YES
2185
YES
3829
YES
1669
YES
1001
YES
2709
YES
870
YES
971
YES
347
YES
1166
YES
1486
YES
201
YES
2474
YES
3321
YES
1195
YES
1325
YES
250
YES
1089
YES
506
YES
1148
YES
1033
YES
3217
YES
2625
YES
2266
YES
55
YES
435
YES
430
YES
17
YES
1510
YES
610
YES
303
YES
79
YES
2608
YES
1016
YES
3548
YES
2421
YES
2116
YES
659
YES
586
YES
1174
YES
1824
YES
644
YES
73
YES
3364
YES
985
YES
1480
YES
158
YES
3927
YES
978
YES
456
YES
719
YES
110
YES
2587
YES
1436
YES
855
YES
1674
YES
1811
YES
2079
YES
3095
YES
1019
YES
1888
YES
300
YES
1843
YES
1826
YES
352
YES
1109
YES
2566
YES
945
YES
1067
YES
563
YES
108
YES
2697
YES
2393
YES
1234
YES
126
YES
770
YES
217
YES
1239
YES
8
YES
2786
YES
1025
YES
156
YES
245
YES
777
YES
1717
YES
2120
YES
36
YES
3247
YES
75
YES
74
YES
1056
YES
795
YES
1651
YES
146
YES
737
YES
2778
YES
1251
YES
789
YES
147
YES
671
YES
1779
YES
2537
YES
2097
YES
522
YES
2871
YES
1418
YES
533
YES
1936
YES
1656
YES
1197
YES
718
YES
735
YES
2217
YES
1175
YES
787
YES
128
YES
1316
YES
802
YES
319
YES
423
YES
1675
YES
1208
YES
1932
YES
2804
YES
1495
YES
1167
YES
362
YES
2713
YES
1786
YES
3204
YES
3239
YES
468
YES
1495
YES
1707
YES
1164
YES
1218
YES
649
YES
2344
YES
1501
YES
29
YES
226
YES
85
YES
3158
YES
2905
YES
22
YES
2922
YES
50
YES
2392
YES
1994
YES
847
YES
1200
YES
113
YES
3651
YES
3372
YES
91
YES
1315
YES
441
YES
1112
YES
1408
YES
2878
YES
342
YES
532
YES
1663
YES
2177
YES
1135
YES
1090
YES
1665
YES
1261
YES
1078
YES
427
YES
2609
YES
1554
YES
390
YES
1362
YES
3142
YES
1194
YES
1233
YES
1600
YES
3630
YES
1083
YES
1028
YES
3500
YES
3052
YES
1275
YES
229
YES
159
YES
1812
YES
1523
YES
1987
YES
419
YES
491
YES
1820
YES
1233
YES
216
YES
1650
YES
1277
YES
655
YES
1902
YES
2848
YES
1677
YES
151
YES
204
YES
302
YES
1499
YES
2205
YES
1168
YES
2010
YES
2266
YES
1130
YES
2574
YES
343
YES
926
YES
769
YES
2555
YES
2595
YES
2177
YES
2623
YES
2824
YES
324
YES
1382
YES
1388
YES
1501
YES
2998
YES
30
YES
589
YES
2480
YES
389
YES
2587
YES
769
YES
833
YES
1552
YES
656
YES
2116
YES
139
YES
1686
YES
2614
YES
525
YES
1397
YES
1039
YES
1504
YES
1122
YES
1684
YES
2760
YES
793
YES
2270
YES
973
YES
369
YES
1004
YES
509
YES
52
YES
713
YES
724
YES
569
YES
587
YES
1057
YES
2125
YES
809
YES
418
YES
1985
YES
490
YES
104
YES
1486
YES
1551
YES
1044
YES
75
YES
488
YES
1932
YES
1246
YES
376
YES
3054
YES
1571
YES
2957
YES
3
YES
1537
YES
1929
YES
2786
YES
2697
YES
999
YES
3058
YES
623
YES
3543
YES
1290
YES
2494
YES
2587
YES
1372
YES
247
YES
1094
YES
724
YES
404
YES
135
YES
1216
YES
1628
YES
605
YES
2326
YES
1441
YES
142
YES
88
YES
2154
YES
1563
YES
908
YES
522
YES
996
YES
681
YES
1618
YES
1918
YES
1839
YES
3583
YES
343
YES
327
YES
1604
YES
62
YES
2630
YES
2572
YES
446
YES
2275
YES
2869
YES
1757
YES
314
YES
379
YES
1011
YES
497
YES
3142
YES
247
YES
645
YES
787
YES
1950
YES
122
YES
899
YES
695
YES
21
YES
2324
YES
1620
YES
1190
YES
765
YES
627
YES
1155
YES
2
YES
655
YES
1525
YES
1275
YES
532
YES
2104
YES
1244
YES
2018
YES
566
YES
1318
YES
1800
YES
1331
YES
270
YES
3500
YES
686
YES
68
YES
2638
YES
1851
YES
898
YES
1006
YES
622
YES
1554
YES
804
YES
1775
YES
2369
YES
2453
YES
839
YES
376
YES
1328
YES
134
YES
915
YES
1164
YES
1414
YES
1925
YES
1774
YES
1625
YES
189
YES
418
YES
2957
YES
1656
YES
487
YES
25
YES
720
YES
624
YES
1516
YES
800
YES
759
YES
428
YES
735
YES
2753
YES
1220
YES
3321
YES
637
YES
2206
YES
2773
YES
1420
YES
678
YES
341
YES
332
YES
2954
YES
278
YES
445
YES
1110
YES
392
YES
100
YES
2104
YES
103
YES
1658
YES
710
YES
1921
YES
2659
YES
151
YES
2415
YES
1523
YES
2630
YES
1035
YES
2689
YES
95
YES
1395
YES
1607
YES
1229
YES
2569
YES
904
YES
456
YES
265
YES
3548
YES
1632
YES
1273
YES
2326
YES
2567
YES
1860
YES
3193
YES
294
YES
2454
YES
898
YES
2091
YES
767
YES
2363
YES
340
YES
2494
YES
1557
YES
157
YES
470
YES
3037
YES
2726
YES
1584
YES
115
YES
1832
YES
2801
YES
2367
YES
1702
YES
269
YES
2835
YES
870
YES
254
YES
1024
YES
66
YES
364
YES
1044
YES
1579
YES
236
YES
2581
YES
337
YES
2326
YES
1515
YES
2278
YES
2566
YES
1130
YES
1416
YES
1967
YES
2243
YES
1377
YES
3032
YES
2097
YES
905
YES
3194
YES
789
YES
729
YES
563
YES
484
YES
1483
YES
1311
YES
483
YES
615
YES
1525
YES
1872
YES
418
YES
955
YES
2187
YES
1736
YES
2787
YES
153
YES
657
YES
1844
YES
1395
YES
1632
YES
116
YES
1305
YES
2727
YES
1068
YES
583
YES
3589
YES
1572
YES
1499
YES
435
YES
3283
YES
781
YES
818
YES
1218
YES
717
YES
53
YES
2915
YES
363
YES
1397
YES
1337
YES
2262
YES
1295
YES
610
YES
455
YES
1384
YES
163
YES
1607
YES
845
YES
3217
YES
493
YES
1404
YES
636
YES
3862
YES
1352
YES
2045
YES
18
YES
986
YES
2392
YES
1952
YES
2566
YES
558
YES
2628
YES
802
YES
641
YES
943
YES
1963
YES
629
YES
311
YES
496
YES
2726
YES
1313
YES
2625
YES
2188
YES
2489
YES
1871
YES
1370
YES
981
YES
687
YES
1384
YES
1281
YES
817
YES
811
YES
3038
YES
240
YES
1065
YES
448
YES
651
YES
2221
YES
971
YES
427
YES
301
YES
3058
YES
957
YES
2100
YES
860
YES
133
YES
3345
YES
1334
YES
2631
YES
880
YES
1699
YES
1130
YES
2707
YES
969
YES
413
YES
414
YES
1551
YES
369
YES
1238
YES
3323
YES
1978
YES
1251
YES
3515
YES
3677
YES
631
YES
299
YES
2191
YES
374
YES
1330
YES
2436
YES
1859
YES
1667
YES
2787
YES
2146
YES
2013
YES
1915
YES
3037
YES
298
YES
2991
YES
1812
YES
1703
YES
1921
YES
332
YES
1362
YES
2998
YES
697
YES
3009
YES
43
YES
2354
YES
1039
YES
1546
YES
109
YES
2014
YES
3107
YES
1167
YES
1014
YES
2343
YES
937
YES
1422
YES
642
YES
2564
YES
729
YES
3192
YES
2953
YES
1546
YES
482
YES
2685
YES
1365
YES
1422
YES
129
YES
1129
YES
17
YES
319
YES
1239
YES
2697
YES
2735
YES
3774
YES
796
YES
2836
YES
1845
YES
123
YES
1693
YES
363
YES
1378
YES
2216
YES
2744
YES
1409
YES
1304
YES
1576
YES
99
YES
2342
YES
161
YES
2475
YES
230
YES
2080
YES
506
YES
134
YES
331
YES
1935
YES
2713
YES
209
YES
407
YES
756
YES
2022
YES
1051
YES
156
YES
2415
YES
7
YES
503
YES
164
YES
1122
YES
2146
YES
670
YES
1422
YES
1980
YES
1477
YES
3527
YES
1970
YES
2121
YES
984
YES
1994
YES
1121
YES
1846
YES
1534
YES
450
YES
490
YES
876
YES
250
YES
2075
YES
2475
YES
352
YES
659
YES
391
YES
1281
YES
1479
YES
516
YES
430
YES
653
YES
1208
YES
3003
YES
1265
YES
672
YES
158
YES
2164
YES
35
YES
656
YES
1300
YES
3153
YES
59
YES
2860
YES
2421
YES
1755
YES
557
YES
1957
YES
2973
YES
143
YES
1822
YES
339
YES
1801
YES
1465
YES
2157
YES
40
YES
819
YES
2278
YES
756
YES
679
YES
2452
YES
2642
YES
2392
YES
2882
YES
190
YES
2630
YES
1984
YES
1753
YES
1032
YES
987
YES
718
YES
3732
YES
163
YES
152
YES
1642
YES
190
YES
1853
YES
1271
YES
1204
YES
2464
YES
147
YES
1906
YES
501
YES
2922
YES
3192
YES
970
YES
3107
YES
152
YES
489
YES
3044
YES
727
YES
3044
YES
1513
YES
2048
YES
188
YES
2103
YES
919
YES
849
YES
657
YES
1656
YES
1983
YES
2000
YES
623
YES
1318
YES
344
YES
1283
YES
346
YES
377
YES
1576
YES
814
YES
228
YES
1992
YES
1622
YES
1422
YES
2848
YES
257
YES
1384
YES
453
YES
792
YES
449
YES
1655
YES
1655
YES
1003
YES
2057
YES
126
YES
1983
YES
1238
YES
1987
YES
3219
YES
1485
YES
1686
YES
203
YES
1573
YES
403
YES
814
YES
1635
YES
689
YES
1962
YES
3037
YES
1450
YES
1082
YES
2075
YES
78
YES
1163
YES
732
YES
1083
YES
264
YES
2679
YES
2092
YES
1184
YES
2206
YES
781
YES
1915
YES
17
YES
771
YES
270
YES
1670
YES
3180
YES
853
YES
2535
YES
1545
YES
958
YES
1558
YES
481
YES
2062
YES
1819
YES
2305
YES
260
YES
1311
YES
1297
YES
794
YES
1166
YES
906
YES
1133
YES
1605
YES
143
YES
1757
YES
1031
YES
919
YES
1906
YES
645
YES
1640
YES
453
YES
513
YES
494
YES
266
YES
343
YES
185
YES
224
YES
3085
YES
2710
YES
458
YES
843
YES
2997
YES
169
YES
105
YES
324
YES
3033
YES
1661
YES
2709
YES
1025
YES
2585
YES
2270
YES
1720
YES
873
YES
2205
YES
3281
YES
29
YES
2457
YES
1252
YES
3699
YES
832
YES
1342
YES
910
YES
2030
YES
2016
YES
2878
YES
2102
YES
1408
YES
526
YES
179
YES
1121
YES
1572
YES
779
YES
436
YES
1938
YES
496
YES
803
YES
715
YES
2305
YES
77
YES
2401
YES
2132
YES
1632
YES
2280
YES
1294
YES
372
YES
1978
YES
828
YES
1229
YES
1175
YES
1558
YES
286
YES
940
YES
5
YES
1527
YES
812
YES
767
YES
963
YES
2009
YES
2166
YES
1699
YES
580
YES
3058
YES
73
YES
1747
YES
709
YES
301
YES
1956
YES
1022
YES
1144
YES
1051
YES
1216
YES
1079
YES
1720
YES
1234
YES
3627
YES
13
YES
2347
YES
528
YES
2183
YES
786
YES
373
YES
3862
YES
3158
YES
2102
YES
199
YES
312
YES
201
YES
1661
YES
1461
YES
1082
YES
95
YES
1760
YES
818
YES
87
YES
383
YES
623
YES
1161
YES
442
YES
1630
YES
326
YES
793
YES
341
YES
1227
YES
291
YES
1106
YES
1726
YES
162
YES
346
YES
890
YES
204
YES
1254
YES
625
YES
1898
YES
2723
YES
108
YES
3100
YES
525
YES
2157
YES
250
YES
989
YES
3107
YES
5
YES
185
YES
226
YES
896
YES
1016
YES
2191
YES
2659
YES
720
YES
445
YES
61
YES
2501
YES
804
YES
2361
YES
1632
YES
3870
YES
2262
YES
321
YES
794
YES
1397
YES
1422
YES
713
YES
2363
YES
449
YES
699
YES
2219
YES
1561
YES
1941
YES
1614
YES
2575
YES
466
YES
742
YES
2837
YES
1275
YES
1976
YES
1600
YES
1165
YES
800
YES
2587
YES
1201
YES
1133
YES
347
YES
2526
YES
3494
YES
2566
YES
2564
YES
2143
YES
2389
YES
339
YES
581
YES
1219
YES
1203
YES
3515
YES
2334
YES
837
YES
720
YES
221
YES
2767
YES
1101
YES
1974
YES
1294
YES
1265
YES
922
YES
2260
YES
1686
YES
1687
YES
1572
YES
1020
YES
1879
YES
2166
YES
274
YES
1921
YES
2987
YES
2097
YES
833
YES
3035
YES
276
YES
2569
YES
841
YES
2922
YES
2394
YES
1537
YES
1250
YES
769
YES
833
YES
1881
YES
2145
YES
932
YES
2294
YES
790
YES
513
YES
3036
YES
1200
YES
210
YES
28
YES
1014
YES
56
YES
1345
YES
134
YES
2000
YES
3292
YES
197
YES
1916
YES
1166
YES
1442
YES
1316
YES
2508
YES
201
YES
3538
YES
1078
YES
1663
YES
469
YES
365
YES
2579
YES
1090
YES
1781
YES
2905
YES
2551
YES
452
YES
15
YES
1760
YES
633
YES
185
YES
2374
YES
414
YES
37
YES
387
YES
1022
YES
2406
YES
2672
YES
285
YES
2579
YES
2102
YES
1846
YES
378
YES
3814
YES
1510
YES
700
YES
327
YES
1775
YES
1252
YES
1592
YES
1263
YES
250
YES
696
YES
270
YES
414
YES
2264
YES
2349
YES
885
YES
690
YES
195
YES
1933
YES
1473
YES
1831
YES
148
YES
729
YES
55
YES
346
YES
690
YES
318
YES
2352
YES
1740
YES
69
YES
1473
YES
242
YES
515
YES
81
YES
564
YES
2276
YES
1887
YES
2440
YES
2048
YES
737
YES
334
YES
191
YES
1959
YES
458
YES
566
YES
1819
YES
788
YES
1601
YES
1035
YES
998
YES
1283
YES
3870
YES
380
YES
377
YES
1831
YES
3756
YES
810
YES
1851
YES
849
YES
1932
YES
3927
YES
792
YES
2614
YES
406
YES
3258
YES
771
YES
874
YES
2954
YES
1740
YES
876
YES
247
YES
1864
YES
2631
YES
819
YES
22
YES
3192
YES
326
YES
3135
YES
1242
YES
132
YES
929
YES
915
YES
2591
YES
215
YES
46
YES
1150
YES
3192
YES
43
YES
3040
YES
43
YES
130
YES
1699
YES
3193
YES
1896
YES
73
YES
442
YES
2011
YES
1219
YES
897
YES
597
YES
206
YES
3823
YES
1601
YES
2416
YES
167
YES
1243
YES
1853
YES
2100
YES
1350
YES
367
YES
157
YES
1167
YES
834
YES
114
YES
2475
YES
2753
YES
539
YES
1385
YES
1777
YES
618
YES
1735
YES
1212
YES
1888
YES
234
YES
319
YES
208
YES
2551
YES
866
YES
33
YES
2915
YES
115
YES
531
YES
814
YES
3867
YES
1031
YES
1495
YES
2666
YES
1329
YES
324
YES
77
YES
2666
YES
621
YES
1532
YES
2042
YES
1090
YES
1058
YES
1444
YES
22
YES
2335
YES
1537
YES
1242
YES
482
YES
1329
YES
231
YES
2145
YES
1321
YES
559
YES
3155
YES
818
YES
418
YES
1792
YES
159
YES
1548
YES
3531
YES
851
YES
1066
YES
3756
YES
1979
YES
398
YES
1515
YES
2400
YES
2166
YES
487
YES
238
YES
1338
YES
831
YES
230
YES
2467
YES
2428
YES
1109
YES
463
YES
526
YES
1051
YES
127
YES
721
YES
222
YES
2314
YES
823
YES
1372
YES
591
YES
3572
YES
1843
YES
454
YES
2377
YES
547
YES
813
YES
1888
YES
448
YES
1876
YES
1336
YES
1786
YES
509
YES
1297
YES
3714
YES
2081
YES
1548
YES
629
YES
985
YES
1618
YES
3316
YES
1375
YES
1851
YES
487
YES
292
YES
1854
YES
934
YES
352
YES
2374
YES
2534
YES
2079
YES
1629
YES
1175
YES
321
YES
3283
YES
284
YES
44
YES
850
YES
2860
YES
168
YES
2165
YES
2433
YES
2572
YES
239
YES
575
YES
79
YES
1244
YES
2153
YES
732
YES
2063
YES
2692
YES
2475
YES
1372
YES
1575
YES
249
YES
2037
YES
1370
YES
2804
YES
2991
YES
406
YES
2028
YES
1239
YES
786
YES
1772
YES
694
YES
3002
YES
1854
YES
1312
YES
2079
YES
1793
YES
771
YES
401
YES
41
YES
3071
YES
1044
YES
171
YES
240
YES
1950
YES
527
YES
1031
YES
78
YES
543
YES
232
YES
197
YES
482
YES
533
YES
2587
YES
295
YES
242
YES
2543
YES
766
YES
1966
YES
2420
YES
2501
YES
2117
YES
1101
YES
2888
YES
760
YES
577
YES
579
YES
1218
YES
950
YES
1330
YES
70
YES
1896
YES
44
YES
1786
YES
1058
YES
362
YES
435
YES
3217
YES
1684
YES
3217
YES
432
YES
1393
YES
2800
YES
923
YES
1328
YES
759
YES
3630
YES
433
YES
1502
YES
2508
YES
751
YES
1144
YES
1958
YES
1268
YES
1313
YES
621
YES
132
YES
888
YES
2652
YES
944
YES
2855
YES
490
YES
904
YES
176
YES
61
YES
1418
YES
219
YES
254
YES
46
YES
1669
YES
772
YES
1864
YES
3500
YES
3217
YES
1116
YES
1145
YES
556
YES
329
YES
2305
YES
2166
YES
414
YES
862
YES
268
YES
2567
YES
1251
YES
3732
YES
251
YES
1520
YES
2981
YES
2888
YES
1249
YES
238
YES
3325
YES
1581
YES
885
YES
2225
YES
1871
YES
619
YES
2694
YES
672
YES
2771
YES
1313
YES
7
YES
1537
YES
1880
YES
3714
YES
53
YES
1586
YES
967
YES
410
YES
1190
YES
1874
YES
329
YES
933
YES
2455
YES
2011
YES
1172
YES
47
YES
1640
YES
2930
YES
944
YES
2572
YES
129
YES
1361
YES
1638
YES
670
YES
214
YES
1261
YES
2983
YES
1132
YES
898
YES
196
YES
2671
YES
2819
YES
652
YES
1480
YES
495
YES
885
YES
300
YES
1510
YES
1836
YES
829
YES
625
YES
43
YES
58
YES
1858
YES
340
YES
1467
YES
2539
YES
2426
YES
825
YES
1066
YES
2488
YES
664
YES
1015
YES
1164
YES
1631
YES
774
YES
2929
YES
2140
YES
829
YES
923
YES
2236
YES
2434
YES
2396
YES
1857
YES
9
YES
238
YES
895
YES
241
YES
2020
YES
2344
YES
3194
YES
303
YES
1073
YES
1304
YES
424
YES
763
YES
178
YES
877
YES
2121
YES
2516
YES
2682
YES
623
YES
18
YES
825
YES
481
YES
1368
YES
211
YES
400
YES
581
YES
2572
YES
1749
YES
1511
YES
497
YES
324
YES
1851
YES
2183
YES
1382
YES
564
YES
1907
YES
2460
YES
208
YES
348
YES
1361
YES
668
YES
1624
YES
824
YES
1051
YES
2501
YES
1927
YES
2504
YES
3292
YES
1779
YES
381
YES
1683
YES
121
YES
1136
YES
1829
YES
2642
YES
399
YES
128
YES
3132
YES
255
YES
569
YES
1722
YES
651
YES
875
YES
165
YES
184
YES
1560
YES
218
YES
467
YES
585
YES
1150
YES
483
YES
2187
YES
1410
YES
1084
YES
290
YES
1329
YES
2428
YES
2073
YES
2273
YES
191
YES
123
YES
1328
YES
811
YES
2980
YES
2954
YES
290
YES
568
YES
1386
YES
659
YES
2575
YES
2767
YES
954
YES
171
YES
418
YES
774
YES
122
YES
926
YES
645
YES
961
YES
1191
YES
24
YES
684
YES
696
YES
837
YES
700
YES
302
YES
346
YES
2097
YES
497
YES
533
YES
840
YES
2720
YES
2581
YES
828
YES
347
YES
564
YES
1138
YES
257
YES
944
YES
2326
YES
1669
YES
2140
YES
556
YES
3589
YES
2097
YES
1244
YES
528
YES
1202
YES
958
YES
1132
YES
202
YES
692
YES
1119
YES
830
YES
1235
YES
2042
YES
2362
YES
605
YES
1851
YES
1599
YES
3102
YES
114
YES
2352
YES
2489
YES
316
YES
2881
YES
1400
YES
212
YES
661
YES
863
YES
2056
YES
1572
YES
671
YES
869
YES
1250
YES
2929
YES
1457
YES
847
YES
3135
YES
1650
YES
179
YES
2673
YES
112
YES
510
YES
346
YES
1620
YES
481
YES
1256
YES
1519
YES
816
YES
123
YES
375
YES
948
YES
440
YES
1950
YES
1462
YES
156
YES
227
YES
3
YES
603
YES
957
YES
1410
YES
1950
YES
1027
YES
2067
YES
1030
YES
2262
YES
365
YES
118
YES
1101
YES
2895
YES
2155
YES
339
YES
1350
YES
940
YES
994
YES
2878
YES
2460
YES
1578
YES
1951
YES
1043
YES
510
YES
1026
YES
599
YES
2089
YES
3774
YES
580
YES
1887
YES
212
YES
2782
YES
1050
YES
31
