452
442
415
415
911
416
415
522
415
522
517
415
273
414
274
420
274
421
421
161
421
416
438
414
415
442
421
273
415
538
517
415
415
420
420
420
416
421
257
442
257
415
414
166
521
452
438
521
437
257
166
274
257
416
273
274
452
273
438
516
96
421
437
162
414
166
162
522
516
416
274
421
452
517
645
438
415
420
415
414
166
274
521
257
437
257
415
516
516
452
421
650
162
442
442
438
420
421
415
415
274
415
416
415
437
415
415
274
438
75
415
273
414
414
274
442
421
273
438
438
442
420
516
414
438
516
166
522
516
414
906
161
414
442
438
420
273
442
437
438
414
414
274
438
97
420
516
415
415
97
421
415
517
420
415
416
166
442
414
420
91
442
452
414
650
521
257
161
274
416
517
442
421
414
437
415
257
538
538
442
414
437
421
415
538
649
437
415
415
74
517
521
421
414
257
273
414
437
415
421
415
414
273
75
415
415
645
161
438
650
414
517
162
421
273
162
437
274
415
416
415
162
452
415
421
442
438
161
97
452
161
421
421
452
416
414
516
414
161
420
162
517
442
415
415
516
437
415
416
416
166
414
274
415
452
162
442
437
166
415
438
161
415
162
645
522
162
274
516
516
452
415
421
273
516
415
414
274
415
414
415
414
415
438
257
162
273
521
273
437
414
516
273
414
516
452
452
420
420
438
