349764
302178
255463
223828
517194
304227
248213
224185
392962
259864
427792
242727
271726
419097
226173
371746
449930
247262
442246
184039
418029
551554
431735
308721
453217
256422
226625
386853
433579
246109
252193
240414
340481
230548
310967
311925
549446
223675
237677
203684
255416
254524
332734
412611
307751
389290
252527
407351
232153
412627
368119
372210
542994
441807
420905
344726
391082
247845
185041
374290
246297
204513
204625
370149
679245
448194
307640
436564
264286
403778
244717
306808
480194
488846
436162
240613
445033
243714
527219
538545
339423
247834
230982
414653
259891
247672
434154
546906
381866
352717
499851
379666
362526
492891
248110
412980
382898
234652
305869
461244
335938
226743
360819
407948
250395
519523
253439
248799
122525
496170
206987
439175
249199
231351
342405
330332
245171
255538
232468
300445
247285
246110
206189
247127
550134
342415
537754
241936
234399
401618
494401
247133
417573
500552
447257
307639
166861
520325
253540
241908
251846
341833
449930
484746
315580
305748
250658
308642
247127
418294
211500
304210
313728
523497
411754
251846
340568
204625
250640
253417
437443
427687
414044
371129
374268
532211
344506
255849
308720
254376
224144
291495
249358
363099
246462
427727
459597
305764
425704
344726
309401
256422
491663
414731
248135
442479
247828
378346
309523
262486
249597
258407
548833
526962
447337
184834
246306
327129
376382
248095
447337
436563
388687
307634
442759
225166
512664
255794
315995
264269
302482
205727
412628
208816
253149
221597
522266
204356
423188
429401
437323
339506
400373
430688
255538
254745
243710
308033
542994
412611
553127
441252
232403
241942
515089
243269
210890
443145
249436
422107
248894
452244
439217
223142
300096
517305
170501
181895
298614
332539
459301
521547
310747
337855
307752
482855
248403
373521
534989
251551
461033
455086
348297
439217
484717
443373
241293
456044
249663
449229
440037
369190
455058
209472
203033
414044
246093
239903
310655
125913
499638
414732
243247
474616
253298
230400
144341
339799
344556
436604
341833
247824
419092
249291
413874
219442
427110
183445
427302
427670
497722
215723
433574
377533
364547
455788
436678
250399
227109
241469
412611
352296
302250
479262
241680
228377
483546
309401
307752
313083
250508
250979
508270
373914
383843
545236
202506
379105
495154
429400
212637
163928
249216
434723
341393
449214
382500
245108
345685
220155
393364
244727
399375
230399
306657
367799
247385
523930
511558
373913
489644
216368
241958
352322
547868
232169
441174
494471
438581
335942
443543
379105
243972
519265
243610
487097
420905
398525
441257
491794
384924
370565
372153
523297
378093
426717
444156
179318
249010
433574
250540
232934
374585
434561
341510
480211
238669
448316
546280
435264
249119
254416
412819
247567
416692
262354
228499
310747
250534
250739
517278
211163
389284
232251
369536
538943
348297
257607
395901
550133
624400
360819
442153
339523
438554
407351
537392
249194
210731
184571
253391
436835
243910
178691
227168
506459
239354
185514
398748
533412
382860
239247
239902
225183
308033
491793
449255
302321
248669
383890
250535
245134
254580
375448
336255
380689
262333
306617
243443
250534
455470
139586
254392
411880
391897
248398
372153
407337
347483
548833
220024
224185
216815
416677
440603
217015
251190
241293
252645
252255
335952
252192
430696
251702
233642
539233
382243
240425
449350
230548
376855
369255
374290
335942
225151
501629
383011
243003
237677
240222
443261
384859
236881
559587
369855
499851
227050
184834
262337
434204
442318
235692
189664
251121
363410
255528
341393
441253
184812
255849
335968
347482
339406
230286
260476
500996
306808
517331
233804
315585
310650
306297
411775
172081
507318
494845
418795
360793
383837
254077
125250
254836
407607
455501
303063
339506
246384
494845
263343
411880
224105
373406
512420
248403
397216
370145
253303
426717
227469
574892
340728
307752
300106
261403
220358
418795
248988
427342
168955
414084
456991
215234
249010
318537
302178
302178
180809
425556
474920
227469
215460
252967
428726
447241
306617
343385
246302
549246
259455
353840
330886
369350
363099
335767
479634
505415
149685
559661
251189
303042
377528
246150
247368
340568
257459
406863
164667
494849
550808
340060
337214
442232
259835
253439
247307
364574
314539
397477
378261
442919
349376
445136
363389
466197
253171
262439
248963
333948
315617
397598
249016
259476
420250
449001
378392
241263
419135
386868
407607
379142
335942
500077
368472
413650
264361
341393
519628
230400
474924
518365
309523
368312
305678
455212
181899
479258
306969
300027
254498
480194
328751
239269
242710
448194
333780
445136
250534
180187
302210
123920
247369
373456
479463
302486
389289
621808
442479
479272
247289
318563
520294
225832
418029
419960
441275
421304
248805
245794
312793
258683
85207
428726
365989
443144
370145
405852
384859
247244
312789
474688
340055
528515
414653
349339
257879
300997
414347
523296
428709
262455
412628
414085
340563
257417
249119
250636
230317
382499
247284
165483
235927
210731
452562
251702
257177
369159
419157
430695
407901
232468
543090
223842
210662
449002
349445
319495
306296
443144
252926
391082
207359
517974
644416
524589
388487
251116
474759
446079
264388
254434
415637
300004
455500
426817
455082
449960
323488
443266
309401
245157
579294
304096
442127
512232
230381
486814
351841
259572
538511
368120
484717
424141
228434
500334
450995
236808
381850
243247
339501
257597
306296
499639
305664
184835
170500
386868
602214
216043
341383
198503
230386
307634
523296
234433
427367
242832
519502
430593
252532
373406
306808
407948
261546
433220
377799
378136
250534
370159
468588
82795
379257
249200
375742
256112
230506
213031
428826
257407
450314
416666
226140
538540
378650
474631
435851
239044
456049
539238
252527
257299
499661
455060
201474
318958
495185
227184
256216
250557
254581
474758
542064
313723
241936
423189
304095
494742
184403
511995
507528
364557
258677
412308
412815
307635
245134
223173
243232
339422
428726
310650
460101
341606
374328
234689
449218
418715
475484
367804
383837
229246
418495
227470
175616
257433
247845
221988
247411
247150
344886
307661
422164
407048
241246
411753
563690
243232
239247
529220
252554
490048
434456
194122
413698
186128
409055
346842
336848
566141
255532
434723
183037
429712
412051
108786
253539
443261
250657
251051
237382
239274
547868
374273
437318
479337
258683
237982
489388
243232
444152
225214
362540
253155
532381
253171
253539
442920
244500
245134
381881
228293
215022
204045
180375
252580
369159
411658
508254
259454
252513
335767
429143
247261
364443
341511
438450
250978
388156
382803
200727
382794
242324
235102
245236
369143
388106
479342
241362
372168
369127
369255
244612
403721
422235
429405
303455
204356
249330
455081
488580
338350
252580
367171
320041
232313
301808
429790
186919
483525
252966
574474
255173
300446
203028
367251
413645
248821
483267
205727
341398
263343
517974
388106
386884
367250
177653
253154
407170
515830
429406
340481
248168
248669
483836
415206
223168
381849
219606
310747
378650
434257
434561
521903
391082
228277
500660
398597
442919
264690
455213
632174
240222
434392
223760
254519
237719
453497
347483
422769
243709
381945
484820
516148
213684
210219
254073
247363
203134
373849
340417
512963
246462
439181
339501
507766
241679
232287
239465
257299
352842
307847
305668
255733
411675
400203
443166
443730
313738
241240
428731
368472
429716
401553
184612
303042
413646
356075
250641
230399
567268
397524
715884
554380
300091
482881
369159
232256
343385
443862
82030
412815
534203
422746
216108
345684
225975
246567
249119
382803
429103
383825
255437
248399
217618
246297
449441
254745
442648
242998
566024
223274
434562
438133
306040
197619
215420
239348
205743
412669
181211
232403
422977
669009
449668
448563
252192
318629
494386
310650
181586
427342
422410
256422
204195
248694
205998
460717
258421
448832
519628
257607
253535
255410
381871
403721
532171
443893
253645
362597
393805
395987
255109
194038
411679
235503
378650
429144
533345
440603
436674
262354
261504
242832
255794
230500
234395
255507
236813
246310
429790
537998
214196
224099
247113
239907
257402
374290
256111
227154
161535
530269
384923
240877
367543
425703
509697
220760
442127
504837
371124
242248
253007
388486
381871
219736
379274
422960
344506
161731
447337
407064
443266
369137
379143
609241
248168
206073
216108
454981
204401
369143
254730
369254
443262
480210
411776
381950
249134
462009
228293
232256
228428
230227
418710
484764
317008
247368
306809
225161
369138
382448
412733
241358
349345
427687
554821
416676
232428
248135
374328
502669
256128
362668
541185
254514
250013
244613
208599
247829
212611
369138
342090
239371
269278
222237
247356
204514
382243
249120
391097
337969
347497
176978
228172
377362
422769
549281
517491
514923
185898
500335
546270
378136
437396
213152
527351
428826
376854
382803
170601
426748
443862
249221
540418
442154
243610
418028
224336
356985
383837
244727
250539
381217
383955
437106
449250
499691
494370
579022
240415
411753
555862
381849
442616
223824
251189
520325
455212
578874
429888
495610
361409
341792
253590
461715
368225
185025
256496
163494
448403
239247
455500
233536
258678
240639
360815
246109
249119
315990
243443
250571
429405
253422
559662
251847
449214
474648
710260
432013
258682
532541
525698
362525
428690
346842
383955
255416
422395
309625
225166
452275
249118
369855
257402
400758
430609
538369
213002
370224
214356
490066
484595
315729
257499
361737
215461
228294
381866
563695
449668
488686
309539
461585
409082
421705
479342
429640
249119
304095
220802
262855
242767
369833
227250
240223
181596
479240
250816
215011
337959
316446
383890
367799
239269
490053
377240
577413
517279
440037
497045
430256
352392
250127
247244
230421
383839
512125
335767
333763
336255
428826
414346
320677
444230
367150
367251
226700
249114
494401
407048
439282
363410
563392
251615
433235
205711
246013
508270
342480
574474
474753
220359
204449
483057
412611
225461
362597
181276
339507
253027
461558
413667
407175
300092
254433
214045
220871
499624
465724
411758
254498
374294
526546
310861
529635
259957
262433
431747
511552
298975
381849
592835
411758
167136
228429
228499
392939
233531
407048
430691
166607
244251
443167
264737
491956
369254
205404
253223
255410
381967
386853
422977
181884
367804
429645
383827
413874
466214
315733
250508
236638
407901
246105
557750
456991
506619
182915
339437
415252
250399
242833
414731
248603
341832
251116
213683
236437
529295
375006
248124
427110
474754
341511
369143
213051
360453
243231
439617
509696
371128
213034
438133
551324
412627
318958
483267
230257
384859
248238
369143
184667
252197
369137
261504
262355
385824
249124
245140
384849
372210
227066
395918
390148
250539
734982
308720
461266
248922
422960
464192
259450
349749
213028
239907
251550
447413
335149
231276
436604
530274
548029
456044
195238
215723
235360
335952
340481
302752
393806
375006
227364
252527
509302
219411
312793
362667
378110
449350
181891
248403
415432
241941
534263
443134
248708
507458
307751
508662
228272
553158
441253
203051
161731
307847
373521
231826
249114
339422
344556
446079
361737
363440
315990
301808
174379
309523
476664
342094
439324
426818
308033
443835
310651
442168
443144
230291
262337
344466
223168
213034
407918
250540
252528
409065
347482
307620
262814
436835
186123
230270
447413
247526
450995
184802
443144
228428
309625
252527
183176
248214
223567
467171
392945
249331
251893
223291
621021
379142
407171
411679
441811
342415
493208
344621
550808
352721
232251
204835
507806
447895
383864
251552
247154
371128
256418
427286
441811
441811
233213
252895
247262
230386
247824
352300
254577
223567
237111
459592
374590
344466
247154
449251
532682
255433
345690
427792
441107
235625
309625
247828
237855
370949
208503
226743
447413
256107
349340
371026
515649
315687
307639
495020
307687
474621
439585
430696
253155
264264
250658
411758
297127
449218
242324
461585
383959
239221
389284
494466
367251
248127
339406
230400
368103
424679
255623
223174
250127
393093
362073
449229
393088
436564
259864
250143
538587
235912
339506
505495
250540
253645
256422
500078
383012
466129
362154
246367
208878
421721
455064
340060
459287
537397
260476
495323
250804
243129
406246
425725
209801
247113
225166
256107
356984
427878
374268
519502
382860
381195
216033
256497
261505
255538
221640
438134
499691
418689
221988
420911
411758
367149
456049
494470
437106
384924
243269
337959
443145
433318
560567
368307
349780
542064
473828
481254
490049
362662
413668
458037
296871
343385
223173
342089
239284
558957
179040
492901
448398
345685
364443
184715
407336
403819
364938
386868
360536
529342
515089
248110
337854
389285
445135
241293
407038
237116
538677
242241
250983
383011
302482
381871
532186
383310
224249
208785
209373
422849
211504
255795
393381
379664
342095
256662
507528
239247
428690
558696
378240
220155
533371
466755
218578
320498
246150
310707
422977
611964
408310
489888
230227
344725
377528
455500
368119
332373
364443
441252
301061
384492
304226
371380
451117
220729
535011
353840
372154
488847
249245
255849
429103
349492
304095
315734
500077
253816
208533
259449
382820
442319
385726
512031
500650
177809
257397
373826
239396
431725
336805
458356
254073
341446
300004
249797
215718
257402
407038
220871
246110
439319
422977
522265
243232
309625
414341
443484
490048
360793
340375
232468
548827
344424
307751
373786
303089
248822
225879
232261
412308
369254
341383
670036
422870
251258
374590
305642
203684
341393
455059
421305
407607
420976
336255
262331
203135
228670
413635
509798
260876
460863
373786
251493
245789
452249
232256
238178
311127
248233
353773
527609
459278
211453
362526
260490
335968
233212
246151
435416
256418
255527
558561
488846
407065
262434
253444
377198
449281
239247
263760
498812
422896
425556
385099
538511
422748
403652
407065
500339
443262
230399
389284
168998
222006
307620
454916
252527
168266
252756
445033
246978
447463
264287
372168
420250
240968
184813
262904
406662
422123
236021
179319
367246
343384
429716
418495
408950
377533
253591
251701
253010
253172
301390
377368
306809
507416
370149
141312
419097
227148
306296
369137
418836
618478
179867
443485
370904
137162
257417
318962
302183
499755
588147
362155
403726
230264
173179
298780
250127
425555
342094
251010
377529
215021
381217
205947
247113
335968
307634
439590
230966
221612
254520
411689
427874
342401
316446
219582
318643
334205
235529
305678
512009
511559
494471
188798
429405
564327
209383
558952
478080
471663
631969
517974
367245
428917
442631
381946
241293
200897
312789
427366
185898
250399
308335
413874
442126
307751
452244
183546
223843
265768
458646
480194
461297
219411
302320
434923
245161
623360
454916
247416
340375
255528
517980
380689
559277
415817
456050
548828
247340
381951
452249
264356
343385
424505
249596
494466
264387
413635
543097
226406
230704
570222
252580
230477
306804
246150
306809
230286
445135
235525
256107
227864
384555
308720
447337
352722
235692
401554
251510
252533
349362
228394
353768
198410
452259
309539
304200
621370
444648
309523
258683
241908
378747
335149
422107
245156
239832
162228
213002
482855
449228
337969
247566
419097
442689
534893
251697
315585
300997
529877
382925
297924
443527
247566
232256
305663
224104
228298
432812
412312
235507
253302
247356
258421
449163
253549
541181
429692
247262
300450
223680
448210
221037
206190
185211
340060
257499
412733
266990
412819
449001
254434
341606
425726
257613
344440
455541
382475
461143
509798
358793
170505
228373
249251
255433
248149
447413
300026
247128
481998
254731
239354
426812
245236
232573
423319
215021
250117
549285
461250
253229
427371
352300
437992
340417
529481
407033
200604
434279
339400
340417
435674
411759
439298
494592
370145
378649
184099
216318
250658
258683
422896
180375
382778
253541
256662
528999
253229
176716
419097
374585
413874
235501
339400
199472
246297
257880
341399
253423
205809
431053
579736
453217
377297
241362
428704
256107
449218
342094
180228
369259
251863
558818
461292
369366
578976
378654
442110
515692
230966
183444
511978
383954
547702
227250
471663
247824
392945
309523
368119
252644
341420
196369
236021
255538
255410
214356
188656
339437
256662
245569
236813
450236
173215
243247
474648
539238
239464
452562
529152
378502
249317
412815
307634
367800
305742
429791
494386
302210
252966
172570
379638
254584
429791
258683
247285
429422
492886
444156
373844
465676
428709
205487
500660
435416
181897
250138
184798
413672
532541
499019
438450
224335
348297
389289
368312
433579
441811
188904
204418
433156
410497
407897
201866
382504
388106
230291
345689
367543
248669
225969
184589
250127
461558
550340
249016
501625
383007
506459
249246
492891
382243
252644
469618
492158
249150
213688
550297
315580
225975
209530
222761
235917
241246
436669
220760
489745
524516
224335
256111
256497
378654
315991
167141
427302
256107
310655
439683
184403
377230
369259
555875
230505
185899
249797
252527
296512
410497
566136
257397
533371
249797
216420
448316
253423
363440
250561
308646
215138
225862
382072
444166
364574
239349
301807
310655
450314
488516
235529
605234
258682
260316
494763
382499
371124
216707
341833
435851
305743
233531
441379
455086
342405
123718
247244
257592
259541
349446
538511
570525
529635
254584
381288
223205
500077
534203
471309
506454
500650
429702
218480
254432
418837
430696
254835
443150
505390
198862
368103
257824
166797
220761
511559
177349
246150
250395
222063
230264
247149
184865
315585
426813
371026
303047
305747
499639
449346
419092
235507
247829
225214
247120
254836
417303
443584
306969
479342
388220
220801
383172
459597
253454
218476
516138
350766
357479
306808
369855
181896
311128
383011
342111
383890
343298
244327
417914
442617
239284
370149
340481
342415
424009
257614
239247
202507
479463
248237
255410
352764
305647
306658
517278
404075
430609
303455
345689
248127
230506
229352
229247
300446
312347
542977
436840
310655
249032
335969
516613
383843
246310
448210
202506
340567
245790
488847
341510
256496
441257
190854
369259
186498
344440
415637
225975
257459
369159
468588
248694
383172
499638
382820
307751
347497
341393
228926
438134
183467
482945
450995
232251
306296
392966
205924
459287
228372
230814
438580
368225
384859
439174
449228
220315
226140
438581
397158
222761
333786
253721
388220
530341
235334
414731
373520
481203
310747
240963
376854
255197
367800
474648
346106
422747
307657
378362
377543
422774
248149
224331
560457
414341
312347
382824
426812
415200
549249
433235
446160
391083
203684
408951
254498
337969
482818
246150
443531
420895
432569
382243
364573
344725
306804
228272
484717
384050
253519
489777
449229
393805
431138
456466
224144
424114
439590
441828
369255
527337
427014
434561
250658
358403
426717
601335
597846
241469
300189
248689
364547
344466
247845
227831
220024
310707
422870
254580
435729
414653
436836
246110
243329
420976
242768
306809
475893
455059
452249
232217
431720
246302
403752
220734
254534
305647
177349
427328
262338
459598
307863
388221
352716
385078
223274
441252
439996
406662
244744
226247
500333
431721
360439
411674
305668
442689
239902
368814
369255
307656
422870
253539
360369
369577
213617
564985
309539
377363
376382
264264
204449
382861
385828
307847
149702
252528
339502
204396
191672
225278
381967
251510
343160
431720
495340
262355
252756
179318
232572
449346
340376
401618
235984
251846
337214
506876
237434
482002
422961
513021
235984
307624
243247
228276
310665
235508
257433
377368
439282
300468
384277
216707
373521
235334
560522
482163
367372
482666
122950
228271
304200
207855
538972
482814
447337
362833
248096
458646
250608
255416
623258
411758
527219
379664
226136
254616
519523
320081
248413
305742
242262
246385
385829
374590
259450
371128
388487
588433
400193
539300
371124
178213
479359
344621
418294
305764
342095
374589
483914
243379
680215
251286
439181
566428
305646
484717
442232
531289
248894
458020
316442
306969
253524
495315
426734
315733
250993
422752
308335
225183
449930
439683
374584
400489
250540
246305
400203
350771
362540
382819
239903
527219
214109
225662
349780
523497
523930
367171
253007
250641
383007
384555
352322
618452
543916
544023
446191
488516
249176
250556
334205
482829
215723
263198
253171
235076
372153
318080
217612
441257
306617
443266
252756
254432
455086
254073
479341
246302
555993
428690
256216
246385
215722
478080
439176
252193
257719
373970
305765
261381
342090
190272
255245
448403
383011
444230
374011
372158
343298
243910
336822
249251
455064
388106
367246
252644
250933
461584
492901
307863
203683
253224
498808
429401
393381
530406
222777
247113
446217
247245
443708
487097
234395
232271
242700
305764
319188
219684
397215
257402
308721
256111
248399
378262
424175
187825
492891
403656
304591
217134
455086
240328
512110
222761
637054
247245
305748
247149
306804
430696
360453
486433
246109
486793
225214
414084
516623
307634
254518
251115
428826
341416
315581
516453
251846
224496
252549
393421
213684
554821
262742
245135
378393
257593
334226
411674
174881
402409
183027
241267
409446
243233
230317
247770
474617
254580
449001
507703
407175
443144
248139
500660
305764
543033
431777
222006
