2220255
2502538
2751006
2586876
2858830
1256341
813533
2654419
1837319
917136
1312314
1233526
1171325
1706924
1235247
2269094
2758711
1300439
1299623
1158810
1696064
1585389
1039090
1079825
1943701
2159957
1247576
2110278
1227067
2114336
1553805
2613298
1298260
1218364
1172768
1310755
2260574
1275749
2253710
2075061
1143994
2240793
938865
1841925
1856052
2224831
931952
2785711
2153712
1260125
2138539
1134354
1304873
2601207
1036324
1904688
2036101
2795711
1175367
1863092
1547928
1248077
1918818
873719
1289550
1564161
1706837
1291773
1170046
2465943
2778765
1574888
1278208
1708858
2064258
1138832
1833760
1282884
1299730
2232073
1844039
1850182
914307
1857177
2161373
2221763
1577026
2269713
1227450
2067913
1288149
2598342
2242290
1873154
1224550
2180208
2046996
930976
2139552
1863422
1304713
2205011
2053786
1052324
1164996
2731056
1841082
2055775
1273767
2544943
2511867
1546359
1269815
1268065
868591
1258151
1264722
2068034
2472017
1138551
2207632
1093489
1929526
1702112
1028650
2220089
2587874
1253637
1908146
2518228
1316797
1846503
2452032
2510132
2633060
1558245
2259623
2173413
1905343
1309989
2426082
1707422
1557761
2059794
1310909
2205704
1229084
1564896
1077444
1155834
1239545
2612891
1171701
1590522
1697129
1582319
1292248
917064
1841083
1262109
2135377
1723309
1570336
1298255
1904688
2118591
1863042
1169434
2078592
2219994
2181742
1700643
2144572
2654557
1555630
1223182
2131434
1247593
1706859
1276047
1258776
2095263
2127744
2132486
1155240
2438960
2291186
2534535
1936446
1564157
2070353
1850182
1565178
1847298
1152414
1709038
2509871
697582
1220983
1699142
1144973
1160206
1568557
1242225
1855144
2253689
2046996
2505443
1304128
2226153
1210007
1696270
1570336
1299730
1224446
1713222
2419441
2242331
1275759
1224212
2508638
2153935
1252285
2613789
1844300
1259105
2162744
912005
1565368
1325139
1837101
1173752
2065706
1699758
1850176
1180862
1172747
2432515
2215664
1226884
1219474
2220085
1841924
2502792
1902700
2070467
2527436
2195726
1275749
2157655
2849856
1284406
1297263
1283046
1027462
1221005
1302279
1160539
2489938
1301321
1705533
2231486
1262044
1829502
2207056
1547959
2255549
1147079
1299782
1236598
2083150
2597629
2291358
2143809
1568556
1850182
1860859
1274512
1296471
1291992
1576947
1554963
1285892
1316714
2260625
1696143
1307116
1302289
924680
1252316
2280289
1291258
1284586
2744132
2100716
1138728
2214154
1908225
1566484
2788944
2239383
1295316
2237536
1218173
2153727
1279671
1575354
2484456
2600068
2109408
2609425
1564184
2730292
1305370
1021595
1295379
2533920
1568621
1715220
2124929
1849152
1274480
1250418
1825620
1547666
2062392
1931653
2249570
1164341
1847302
1697541
1215852
2667116
2508656
2121148
1263676
2522063
1863042
1230962
1164599
1907100
2301413
1145659
2485213
1158478
1946660
2458806
1252315
2114309
1298275
2290731
1131104
2220602
1166308
1564824
2521220
2821447
1561540
1065223
1031851
1693933
1911592
2260367
1026193
1147048
1168747
816511
1845830
2425499
2427922
2264178
2186271
1147562
1225921
1289105
1699737
2509333
1819047
941825
1703311
1228484
1307032
2193056
1283570
1554959
1287102
2418629
2262176
2226228
1934502
1918916
1247576
2422779
1165535
2472017
1254459
2659675
1234020
1278420
1030048
1231833
1159126
1717346
1922548
1842031
1230780
1299640
1307009
1742665
2246725
1595628
1924201
1286941
1565650
1176408
2764187
1233495
2538902
1317910
1697130
2070457
1853523
1233400
1565364
2218558
1270240
1228690
1265427
1685740
1560613
1274218
1565394
1896813
929111
1305769
1716242
2064253
2435495
1272774
905835
2264263
1221574
2254278
1287213
2290853
2126614
1298665
1702464
2598758
1089272
1564994
2196964
1723305
1561439
1286638
1579001
1172842
2173767
1159130
2095253
1250445
2270740
1291192
1846841
1148014
1293797
2874776
1141150
2509845
2632662
692545
1560823
1589503
1938503
2231688
1293574
2154696
2415459
915517
1281380
1564998
1247799
2280805
1272642
1684022
1943747
2063244
1715203
1680203
1164721
2260574
1825637
2144698
1302600
1890731
2861152
1585001
2143809
1554426
1286799
1287010
1310755
1912005
1568535
2839529
1926639
2266092
1702487
1302412
1154730
2435489
1829613
1284586
3195376
2274968
2242779
1844648
1141732
1274512
867379
1226878
1873378
1028776
937162
1139049
1284354
1293552
1166325
1147080
1136050
1565177
1168862
1926644
1282772
1139019
1541886
2254557
2081013
2242762
1270042
1926711
944955
2069043
1897187
2742788
2207685
2031704
1291791
1307624
1698889
1266162
2178406
2415624
1706832
1138728
2561752
3150103
2246939
2142275
1301320
1708638
1712581
1247571
1294084
1712613
1151332
3079862
1561460
2144820
1908230
1258343
1285490
2061045
1263772
1171058
1253633
2252680
1561455
2071519
1047946
2463851
1876482
1078727
1861915
1916243
1921417
1041596
1918751
2137687
2223252
1101039
1926863
1171324
1922478
1224269
1568718
1143998
2297476
2226158
2053856
1266474
2869458
1298968
1918106
1084055
2695666
1570560
1302317
3041822
2235986
2256583
1899431
2237027
1845826
1170700
1309762
1302438
1564162
1919316
2418629
1703953
1217481
938794
1577531
1564162
1152414
2260805
1083722
2824075
2148247
2124881
1263776
1288101
2570772
1297347
2081018
1092969
2419436
1180893
1217051
1141150
1206131
1296517
1301823
1228066
2509445
1304320
1235640
936740
1269978
1699742
2458709
1841077
912167
1842831
1295419
2615897
1896688
2199468
1291655
1857113
1236341
1860880
1263654
2521221
1316798
1916404
1163778
1285489
1569119
1226884
819961
1285063
3333684
1554963
1914305
2068612
1216362
1234094
1244661
1302289
1139320
2537764
2694308
3023507
1156078
2077351
2622815
1176407
1702486
1576916
1143366
1224319
2624337
1922574
1574300
1264819
2246962
1178493
2206985
1274464
1159152
2253333
1713657
2241589
1575545
1307624
1897956
3171737
1574296
1920406
1229069
2153784
1226900
1865008
1946654
698970
2510127
1930935
1927640
1853795
2259486
1173818
2108169
1857182
2153711
1847302
1166303
1210116
1166535
2148182
1283570
2088755
1147120
1903393
945034
2220090
2256609
1926020
1696143
1577509
2053850
2095226
1316797
2070192
2419341
2144624
2130354
2062469
1944004
2155701
923933
1908225
1212855
1931192
1223556
1841961
1231833
1241581
863179
2133912
1853170
1564157
2241589
2714547
2253333
1850177
1926670
2159046
1286637
1270803
1949982
2667090
1860906
2420353
1919316
1291735
1285956
1291992
1860970
2164845
2154696
1281871
1702464
2167310
2604078
1155528
2436497
1218173
1860854
1282772
1264933
2411745
1283280
1689852
2178615
1560591
2121522
1298260
1918890
2441452
1685766
1870099
1934502
1264727
1285418
1291790
1105040
2144451
1261056
1294891
1281220
2666663
1853139
2522828
1291656
1127826
1140204
1576900
1850273
2743699
1311176
2070457
1703132
1874049
1703128
1927295
2269728
3262585
821916
1242470
1293792
1256340
1595497
2510599
1285058
2087097
1256336
1069394
1316713
2154367
2042450
1304914
2600182
1243070
1573183
2071584
2058617
2847448
822403
2806344
1699837
2595325
2759705
2153510
1141349
1839734
2164911
1233379
1906735
1272672
1302013
1846825
1136195
2647305
3448444
2502791
1293547
1934974
1239442
1820985
1870099
2270744
2076064
1226602
1929552
1161991
1565651
1084429
2823175
1026454
2707963
861211
1088887
1072454
1284359
2144577
1141045
1286913
2425500
928295
2762048
2400772
1259793
1699480
2163360
2742241
1931192
932646
1226985
2613982
1282956
1882094
1560608
2098287
1833926
2615636
2075684
1837175
1142344
1242173
2548269
1916243
1699126
1213314
1288752
1568534
1298427
2510599
2522875
2095667
1561176
1141161
1233993
1225028
2148155
2224832
1295322
1940588
1145044
1703375
1028549
1310909
1877331
2641231
2244142
1706860
2086781
2046196
1222947
1261070
2213353
1678722
1702459
1265916
3083668
1231066
2118993
2137828
1166535
2492369
2153743
1145659
1281892
1277086
1233405
1870095
1224198
2603413
1705808
1256880
1326510
1167479
1261135
2231069
1234095
1715197
1175384
2063266
1138833
1261392
1310713
1291258
2222970
1703953
2145277
1171700
1298261
2610700
1588263
619882
2069084
1278421
1919099
1139736
1251302
1835685
2226224
1263776
1716259
1283213
1258120
1284772
1306101
2275592
1715224
1281892
1294970
2231761
2159254
2222548
1700750
2280315
1291120
1841077
1305080
1934358
2521843
2163360
2180138
1300866
2641949
2401281
1727238
2522828
2195639
2264179
1228904
1552390
1146931
2446788
2858069
906237
1830900
1281721
2138641
1683349
2226154
1271856
1916247
1842831
916660
2095327
2081117
1299752
1281871
2218584
2656092
1713196
1303408
1169452
1141150
2498707
2138561
1273413
1287102
1558245
1873378
1860970
826451
1723304
1285490
2080949
1288720
1950781
1322055
1724675
2159051
1317199
2290727
1297343
1289105
2196624
2200897
2812273
2220089
1138494
1586198
1922544
1035232
1278175
1301337
2233677
2642421
2173413
1257919
1697380
1564855
1703311
1896671
2078592
1916274
1170467
1066287
1561176
943014
2250824
1239539
941390
1145398
1277308
1585637
1153171
1304168
1551549
923590
2098468
1571320
1870504
2067908
2206989
2715578
1298261
1701941
1574478
2270744
1275887
1301315
1218380
1846472
864785
1715346
1552310
1831724
2232672
2199913
1572341
2237022
2551776
2166587
1176435
1703297
1039018
1572008
2430649
1854812
1833695
1293569
1574375
1265921
2226131
2222796
1137131
1241798
2148247
2157655
1846641
1916257
2228090
1258119
2072059
2232072
1547395
1839729
1266443
2534016
2426077
1163751
1919100
2634028
2085326
2060056
1228700
1268839
1291768
1693262
1170045
1568552
2270369
3037608
2615893
2275592
2425251
2696350
2770745
1213811
1182128
1561439
1166721
2246961
1288725
2144699
2613320
2222458
1913494
1310250
2266092
1709028
2494400
1928312
1224445
1583129
2252706
1918868
1021246
2207127
2223257
1913358
902276
2204302
1168890
1239443
1169981
2260699
1857182
2254641
2148177
1291791
2436186
2645604
2077684
2292718
2436336
1180846
1287102
2553644
1281866
1143191
1239546
1089110
2054384
1847312
2448194
1566484
2099008
862927
1294443
1844300
1206896
1854916
1314041
1682649
1922456
1864145
2084742
1557841
1564855
914088
1243329
1873160
1026136
1902017
2492991
1302382
1224381
2596860
1257821
1830874
1271211
2072059
1143356
2075477
2828013
1566549
2739878
1849037
2132465
1272851
1564179
3160304
2253830
1715556
1281271
1228716
2222780
2597569
1294254
1570367
1169011
1717606
1256903
1819366
2505433
1278678
1221937
2123081
1164848
1923040
1905348
1081297
1279259
2215686
2085405
1137817
1149194
1842026
2280316
1935069
1577253
2226159
1727806
1302289
1247048
910212
1298332
1156500
2148278
2596838
1046386
1943616
1871313
2545093
1918101
1084060
2071491
2078526
3292430
1252316
1143479
2705115
2069084
2764998
1918106
1570368
1122122
1713818
1316844
1226884
1699126
2146175
2668597
1934380
2131435
1203433
1585394
1569102
2164911
1228483
1844134
1559238
2086992
1121585
2405539
2084878
1231387
2284032
1312569
1310795
1590562
2237541
1913429
1726508
2231693
1136195
1698889
2666623
2057201
2833004
2117598
1159795
2148252
1224202
1846502
2264248
1703671
2718874
1866274
1841078
1936922
1703481
827505
2490375
1269916
1566081
1071876
1279671
2062392
2064257
1147546
1551893
692842
1087229
1261007
1230758
2067140
1176642
1560586
1717386
2269728
1255292
2121491
1842025
2269094
2132496
1251367
2084689
1838479
1290709
1223273
1557766
2085341
1251371
1926438
1847015
2495794
2060779
1310268
1556060
1028797
2153511
2260451
2583990
1565394
1242174
1302857
2552764
2173917
2290741
1902273
2210462
1298260
872089
1557766
733862
1703142
2084821
2527099
1262798
1286903
1254458
1304233
1184270
1930682
1298589
2253941
1736435
1726412
1254202
2473531
1905321
1560613
2564395
1170046
1279299
1292249
2068356
1568678
1086373
1844296
1242750
2159047
1706939
1936657
2173264
1302289
1857281
2441961
1298968
1173753
1696287
1145146
2216537
1709028
1159148
1846476
1560823
1294781
2072081
1907099
909505
877157
2787966
1913379
1302478
2076680
2137829
1165535
1294906
1320089
2242274
1554426
2254068
1160249
1916570
938865
2153712
1558973
1557840
2213322
1306983
1170468
2418493
918331
1256038
2237562
1305873
1278678
1306983
2511707
1215846
1248659
1224202
1017019
1292263
2258115
1585006
1172763
1295469
1919573
1919573
2836635
2156559
1723389
1243245
1846599
930563
1702107
2633117
2068617
1570341
1093976
2426082
1922548
2071491
2418510
1905322
1298423
1168852
1909593
2596860
1036810
1158780
2059794
2250554
1041613
1296540
938020
1554942
2270740
1901924
1916923
2243209
2255962
1033328
1574295
1307110
964370
1904810
2254642
2071614
1256624
1292279
3057838
2065611
1563481
1715835
1298941
1951472
2259750
1163892
1833761
1570368
2071492
1233405
2065450
2436118
2207122
2242142
1222921
2227811
1855986
1242291
2529532
2414641
2582310
1250655
2245260
1284237
1033323
1164604
2448526
2218554
1703311
1256886
1926639
1261056
2854816
2162723
2233693
2222457
1579302
1930576
2498677
2207121
1295051
2065963
1133447
1692924
2836358
1708862
1150702
1147290
3142635
1717290
1554617
1307015
2242165
936147
1089914
1819681
2129039
1565651
1934471
861938
1169452
940874
1304096
1696143
1307132
2075061
2162839
930815
2159304
1181154
2068330
2565457
2503487
1865008
1854170
1717501
2789363
2641236
2635119
927657
1844295
2441369
2121522
2111080
2613424
1283051
1561456
3240245
1250418
1216384
1717289
1034929
1168955
1724671
1907099
1278273
1245216
2458853
1321179
2250820
2254572
1156500
2258114
1294403
2280190
2270112
1256903
1558826
2632245
2478064
2159560
2458857
1083498
1085916
1325580
1567230
1251287
1163751
1030792
1705694
1325166
1033449
1905002
1163773
2759874
1291607
1904811
2129400
1837080
1251367
935557
1289856
2758118
1180740
2273651
1841667
1169429
2529532
1862946
2755034
2164819
1138623
2232087
2242208
1926016
2598041
1231875
1160931
1567505
2085305
1841223
1846824
1577514
2140578
1694363
1229712
1586993
1574279
1570721
2720323
1035205
1699843
1146932
1860859
1686740
1697194
2641215
2222548
1138832
1279671
1860854
1564183
1281045
2246976
1306101
1086332
1691021
1857082
1284586
2715678
1169429
1316814
1565394
1707400
2232391
1927666
1183566
2143805
2146110
1157214
2609425
1242226
1833926
1913429
2173913
1276397
2654643
2414369
1143994
1681144
2459923
1710628
1301757
2153024
1303329
1133239
2265836
1039084
1294254
1137816
2153713
2138561
1706955
1176000
2132560
2220090
1723435
2424589
2132486
1173752
2063261
2184974
1933000
2144455
1171324
2220020
2076334
1856026
1847298
2264184
2256609
1569119
1136901
1266931
1265922
2598799
1702108
2232073
1547584
1156514
2085326
1224381
1171701
2124933
934850
1278421
2099061
1121257
1258121
1927023
2307954
1254889
2654809
1567230
2231065
2076064
2222780
1243039
2202974
2143809
2196257
1569118
1087269
1269921
2102914
1291262
1261238
1259151
2223252
1188357
1853140
2124882
1026774
1579017
1857076
2061045
1260690
2085309
2213353
1152313
1715834
1912005
1079835
1145659
1265200
1159819
1158869
1567391
693429
1564994
1252969
1286919
1547942
2770772
1136303
1291795
2256593
1299857
2144455
2521843
2137829
2259911
2425421
1309683
2249857
2054366
2075056
1264869
1873634
1302294
1853212
1141754
1229341
1166535
1265511
2509671
2138636
1287213
1141749
2239478
824161
2790083
1551539
1295799
1297347
1564947
2269714
1275882
1857691
1566082
1934502
1310910
1856026
1577515
1696042
1304315
2064257
1079803
1584980
1171058
1230758
2055069
1301823
2110407
2612049
1585081
1321251
2114432
2180067
2586620
1718484
2051814
1956710
2509445
1036388
1243880
1693947
1817438
1944019
816151
1930935
2243488
2130780
1309631
2620745
1306943
1292901
2667542
1175484
2702354
2221764
2233452
2725040
821492
635116
1717304
908422
2432236
2145748
1846472
1920471
1918084
2436118
2243209
2243187
1553025
2057186
1846472
1853212
1295321
1170668
2508661
1834015
2274968
1165161
2642703
1564856
935557
1033328
911534
2260995
2071802
2610117
1875747
2624287
2163342
1106949
1297268
2041075
2173382
1168862
2075898
915685
1271208
1849038
2260804
2214316
2144594
2081923
2095636
2639701
1847015
1227450
1221835
1931222
1702203
2084807
2277402
1234810
2476312
2232077
1080026
1579001
1715250
1833956
1299778
1193735
1712598
2236944
1248658
1833766
2061044
2061049
1289721
1569096
1266457
1709023
1303477
2599907
2506829
1149198
1220983
2402362
2173260
2459212
1252452
1130292
1853363
737985
1232029
3711794
1253881
2680049
1252992
1227001
2053786
1261342
2246468
1230358
2145748
1704787
1224367
1874516
1839382
1093210
1294254
1127922
1934470
1284359
2204261
1703301
2809113
1712577
1921151
1848195
1563491
1242395
1224567
2087097
1914199
1148146
1857199
2081528
1164700
1570721
1707143
1303831
1914205
1305769
1039121
1143190
2777652
2805391
2062534
1281865
2176389
1699763
1210013
2534965
1298962
1028650
1741354
1234762
1166303
1699736
1221857
2054046
2861788
2846981
2065282
2086796
2817297
1305718
2222548
1843968
1295534
1913379
2144990
1295316
1253219
1568840
1256037
1308020
2598243
1275744
2491058
860107
1156579
1928311
2513007
1853358
2293747
1847015
3304658
1310675
1726321
1713192
2084689
1947424
2835984
1184266
1285530
1228690
1567495
1831650
1239315
1230731
1847297
1824538
1141161
1709295
2843809
2635114
1944166
1250564
1247577
1542863
2732231
2544435
2495794
2260573
2486974
1039699
2597628
1699736
1163774
1903393
2085305
1708712
1273349
2211904
2633076
1566549
1310282
1299640
2253765
711988
1938507
1849152
1146050
2623097
2232225
1293792
2068627
3550619
2258276
1568557
1205355
2142114
1022890
2610044
1697546
1706855
1697129
2222549
1228757
2259806
1706854
1585128
915606
1253633
3150104
2081221
1242290
1849142
1288751
2544558
2215809
1241237
1262110
1227467
1291152
2244159
1568551
1554959
1861921
1303352
910403
1161425
1212856
1819030
2508655
2149835
1162404
1703311
1696287
1927671
2137692
1270047
1288725
1857077
1841667
1188226
1933000
1892066
1846825
2503391
2084837
1305769
1297241
1027477
1850748
1233323
1724501
2805551
1833695
2269512
1568626
1176435
1311176
2522068
1943700
1850181
1835395
1276392
1920003
947781
1092852
1130918
1286941
1281892
2076680
1299735
1032555
1032554
2525782
1708711
1696563
2553950
1239315
2544462
2146855
2254693
1936460
1302311
1230757
1931191
1715834
2749339
2155385
1090965
1033272
2247045
2142279
2193243
1562451
1148138
2102033
1299978
1837319
1294307
2260523
2743481
1309762
1853139
2749018
1570341
2159575
2228073
1300439
1086799
2065313
2065444
1852451
1565364
1571363
2810762
2163364
2258115
1847015
2400303
1696553
1298261
2408936
2253711
3305202
1909593
2144634
1318798
2668581
1701947
2492369
1813981
2068627
2667542
1842031
902625
941394
919210
1703953
2757471
1242488
3161111
2229250
1565368
3046700
1139019
1086966
1715346
1180740
1926863
1299609
1305080
2686510
1243166
1565072
1918106
1943748
1574632
1918761
2095708
875266
1841930
2258110
2582600
2243821
1266514
2597750
1588934
1705532
1281552
2159565
1720632
1845809
1706929
2846273
1557745
2173412
1291660
1701947
1853528
1304127
1231066
1597043
1083727
2509550
1228684
2091420
1289222
1838479
1873133
1288171
2511868
1076477
1554963
1309653
2158972
2226254
1175999
1288397
1701947
1857435
2067817
1309779
1032538
2231703
1252279
2253829
1165519
1160926
2071492
1934406
1082645
1704851
2142370
1866288
1266941
2062397
1943600
2186163
1564162
1297343
1170684
2633046
1165514
1900664
2821447
3105269
2790450
2068035
1145039
1081137
2136340
1302438
1291942
2250554
1273845
1719352
1231404
1269969
1870093
1870131
2132459
1304495
2130364
1296417
2290704
3077197
2883879
1922543
2259517
2426509
2768575
1713818
2426508
2514729
1936446
1741683
1234658
1568552
1282884
1580602
2205414
1228062
1268866
1030797
1857082
1084408
2106358
1221010
1923024
1256314
2089272
2262176
2821350
2270744
926324
2534961
1083726
1304811
1206310
1240253
3141365
1854123
2137764
1295299
1302883
1568535
1233510
1292476
1568530
2269936
1569096
1709028
1083615
1566122
1588045
2244829
864040
1690614
1073220
2269511
2153511
2486251
2076710
1570367
2286258
2120959
2489589
1946724
1849152
1255292
1167841
1839569
2163767
1252986
557214
1703497
1936761
1222849
1299609
1253754
1131446
1141183
738323
1211176
1037668
910281
1284406
1568535
1916666
1239339
2275047
2606424
1303478
2234575
1703127
2159052
1261134
1697194
1168747
2085341
1282041
865607
1300906
1172864
1316692
2144634
1709038
2452754
1926654
1569118
1298940
1861474
2584026
2497259
1297343
1570560
2758081
1288438
1922456
1293797
1291795
1222921
1255292
1926671
1308086
1894658
3263235
1920406
1085106
1261038
1177624
1568652
1860971
1922457
1298422
2242143
2768661
2584090
2122295
1258519
2266097
1704852
1079797
2224151
2137833
2084811
2508639
1699030
1706981
1821017
1563476
2269718
1297264
2258371
2419442
2422915
1892036
2237044
944927
1264779
1691327
1080950
2297581
1841154
1552718
1565368
1031884
2731774
1224737
2748746
1577532
2560816
2581187
1588109
2145281
1262109
1298332
1585390
1270469
2068326
2086838
2070192
1168701
1922544
917584
2635115
2449212
1292709
950538
1936445
1703250
1299778
2213337
1322366
1860906
1297268
1556715
2232229
2587708
853046
2217524
2220020
2060108
2248859
2521226
1317263
1839729
2280783
2085756
1035772
1850273
1299623
2189052
929476
1852521
1922456
1157213
1147994
1873224
2098291
2610433
1281721
1914199
2164961
2505433
2232077
2075477
1926438
1568552
2078526
1710311
1281972
1183592
1830901
1304480
1690614
1575515
1303352
1134702
1715812
2262175
2847875
1296417
2196257
1565008
1078042
1241558
1085259
2121131
1263776
1583129
1261034
2523833
1170741
1136055
1926438
1256881
1927623
2221785
2454258
1234896
1086735
1269943
2086993
2642021
2626164
1264013
1239316
1085197
1222737
2598759
1574478
2622104
1083497
2161182
1216357
1569118
2280315
1030775
1295327
2129662
2408426
1682338
1696553
1160249
1241559
3408034
2145748
2063346
2215805
1564839
1837080
1166213
1035232
2162745
2115250
1946638
2242195
1841951
1303477
935547
1247799
1574273
1707404
1294084
1302412
1080304
2626424
1285315
1563809
2070467
2215668
1247673
1242405
1743172
1291773
1816730
1931206
1252965
2154739
1153650
1284232
1290725
1289376
1292710
1169451
2527100
1167906
2632635
2070467
2242142
1037027
1723388
909292
1565651
694703
1718905
1578987
1166721
2244265
1295337
1088269
1133203
1577253
1302478
2266115
1261342
2534614
2642051
2647289
1921152
1552718
1089106
1184235
1560840
2623144
1216042
1578991
2458811
1852521
1554303
1290709
1282916
1230358
932812
1168954
2282260
1037013
1582329
2068617
1221852
1841154
1247820
1281870
1218647
1165166
2142626
1570336
1291633
2527386
1837180
2448316
2270745
1227467
1047835
1680203
2641237
1292714
1568530
2665121
1123665
2098452
1263771
2205011
1726417
2276199
2158972
2163342
2072080
1702112
2779913
1707405
1282956
1254473
2727091
2277402
1176078
2211826
1570336
1136923
2641999
1703128
1918105
1926020
1904815
2731473
1281255
2246944
1275775
1230758
1234440
1701851
1727112
2524691
1565368
2163081
2797675
1213731
2486251
1081137
1259151
1711486
2136178
1571367
2592603
1261033
2178511
1699763
1230691
1913375
1294372
2122291
2509423
2845504
1698911
1184337
1287480
1288155
1214429
1148014
1598432
1563574
2222553
1935415
2404162
1294307
1102941
2069084
1576947
1283217
1935069
1284220
1846655
704361
2231693
1823604
1826552
2139548
1133709
1574379
1697381
1307111
2613441
1272773
1127856
1846471
1702203
2072058
1853154
2650799
1021246
2825358
1688505
2054362
2138277
938349
1079433
1226883
1224550
1137816
1142999
2246961
1896796
2168172
1833628
2702350
2423075
2509333
1563491
1564829
1182128
1283564
1723319
1547436
1861469
2075679
1307010
1288857
2216516
3284415
1172778
1282956
1221931
1286798
1565194
1850487
1304752
1569123
2277467
2260523
932780
2736331
2409634
1890745
1282884
1081297
2786435
2777636
1558250
3152965
1291607
1037231
2724407
2534087
1040161
913400
1293796
2269095
1279258
1860858
1314841
1299639
2067801
1257501
1715835
1296517
1149199
2489589
1153697
2260367
917069
2492369
1262794
2068326
1134702
2142279
2635260
1252986
2198999
1857281
1577532
2124886
2258280
1575354
1820985
1152397
1263707
1854170
2534518
1870195
1166303
2137829
1228700
2795126
1916571
1170741
2214050
2065283
2633294
2260804
1304097
2488328
2824065
1164995
1855128
2244265
1114238
1258151
1166365
1227446
2426508
1569713
1241398
860007
2035112
2231720
2060051
1152718
1709666
1147053
1159801
3073153
1718484
818071
1701784
2081923
1702112
3019020
2084807
2807674
1310910
1717500
1248078
2622815
2144450
1949178
1235873
864688
1273356
1273088
2659271
2215663
1163774
1580181
