540874436
887169780
994175553
587260722
444860370
857470855
747180038
915245902
820996168
307696261
176567242
252566341
249672091
616240727
114368879
994253643
430853621
191839930
123902274
142351980
736380081
129326257
548595511
524454438
902792419
217732053
430571530
409671660
845020713
855655921
179545801
649517205
465868171
178001998
89132791
33251351
942151896
716697481
489721503
940754696
598414806
835916217
901514607
899130328
170654514
604808809
782568126
812711495
868050977
928176615
308583725
103450515
131083997
674633686
223942191
764947477
537310176
941911996
204727914
36969500
942226874
534503753
163457392
819040972
100455585
715158117
519930953
833044209
808695003
957604063
552395442
935623320
398269309
196846687
342234664
185929747
119889001
441677791
704888604
571514372
248592972
648203169
356371216
125834979
230361896
419979375
336058721
753830861
856549647
436048684
198208011
265160178
121006584
517476996
258222049
177640326
842092791
974645255
117883950
782305485
99160673
90609706
556613764
977107674
191348687
798755640
949778082
935642919
718234165
848752673
5254240
628134548
659250912
710674063
900880526
152889513
87574066
127062814
173558808
288688646
849330570
820047192
829414340
298092464
427826581
627989150
820980110
755210310
614929942
593208844
258415424
162217389
67187112
204783571
770466043
371916845
685315462
659914820
856073900
288403102
268130931
350617235
748741859
262805522
200191639
639643080
835679421
950948019
616226104
793606785
