135037238
596555479
336750828
323123967
446584605
768014510
448165458
673452282
282019463
924606383
443947566
147138396
155986261
960887490
143613894
293835979
953167326
846372854
47795007
370171959
385302846
581962934
962399340
180322144
859245152
512792237
328352084
729393507
462601662
422487186
957502705
300996872
33757428
538432157
233935371
90635251
746087975
733464082
502955048
616351857
511212535
762372842
225477298
249867288
785626342
63426701
986545496
166113612
97172202
941330398
120271345
278965204
868474291
92158017
843322492
120835220
565229232
720561279
314296536
117349159
705577994
415033950
839507222
58132026
775880820
974616069
741564063
103362166
353169305
511968210
871001228
110815065
455760131
756194991
756067548
711028869
633479251
207866616
636294394
342143320
334399307
892947530
382477441
168349671
889949584
74782209
277875318
230666164
696021416
163815075
765981287
822539958
955244384
528073062
478386353
949470341
476106017
342686191
216389325
184481413
716846290
816330492
162515652
638285250
386172093
528897201
123071222
386289067
197136583
110385445
250266476
87814288
507235091
806420168
151482108
897083819
443524375
651392915
41665379
941258399
135019550
650062249
148146612
102192367
670478533
330498020
30727078
841767800
33974802
783267464
994762214
7576213
803495006
912090479
749716317
618370108
670350954
593634985
692832758
902798700
567281773
857892670
371207122
210456277
540374688
364020279
399113118
998312178
739511434
823638343
763748022
792945701
787006812
428976847
813185581
696964651
101788657
359539038
180458647
579515581
978393372
1146024
772663592
894618680
125900125
639896338
478265566
291305689
607174160
394545976
927312221
103567252
638470623
765363588
858642076
289813823
558738344
717161568
639896096
662958755
930577633
459333073
800803882
815450603
178584805
209329565
996174129
684005582
523989570
792458440
220611825
759403256
495818571
332609372
499186686
146100231
64309171
307773844
207752257
395312774
519539260
304055179
340201676
663534066
706491847
979055779
777234728
413551155
389137880
957576588
310329950
602674667
882644816
24118384
443257428
266842425
289195685
484242427
246276890
414401258
779940876
29038714
235224279
991312265
495880454
286451803
676468042
799841748
963879285
867049091
555733490
571503879
878715119
826730408
632123224
409731371
290579189
226542981
199727939
989414816
598438043
525831986
23291209
682340365
784007222
171975814
656360254
190134994
657815390
4750236
292607737
957736414
200509231
25866155
355050962
996866769
230241299
520249996
483183291
947668139
375392306
456969655
291237666
484028092
296323216
418066157
391047300
764942116
158176177
996311710
853060249
770848494
499307499
90784718
782242348
663184957
496925811
521863054
822691403
469236991
880397326
135248607
520530642
301644460
695972887
958089795
58837791
358880777
496224076
472625424
103040749
393051708
735782764
795114773
955446724
420132028
113650919
808969540
292974444
220136219
24338898
905012976
776760723
840196032
628793120
922027224
321271193
61269138
426007686
738140684
902347275
725649404
908044928
298454192
523065617
631934580
640729920
731657169
973889021
79657472
663599489
883396585
636858802
438460812
810278090
507925978
736288000
48145163
820890460
496095846
884328594
328024383
885237565
892244078
483121689
284070532
884232469
776254019
791113032
911316925
499741130
464293708
359336133
904003296
840708508
163644635
268436401
440809943
788240998
794162705
357485597
83413030
489887323
742299508
103731674
296030267
327116783
391516842
361214577
324156740
259023265
912374822
29923185
757685792
190416433
510573252
101306098
918809713
601128416
351316666
568215986
448574779
832415125
890757206
182768194
906110671
315231405
953649606
669693442
601886437
110182106
848423989
200167271
243054918
924159666
384499368
199646156
318801299
265484357
357552144
298923330
262889616
193452826
634890815
779587783
343234118
290177278
194457024
254913506
971015156
976817390
322580203
173267908
940276561
930917243
243956820
737368831
430594927
831626358
849221955
613022970
519807166
259023938
624736885
187986827
595341469
980123319
766018713
659369454
363832539
557176795
262169428
764107082
548215422
460283671
53617180
482150971
955598823
729125571
313167197
801719270
238668089
334947892
992183630
909153276
31786084
172703908
14452282
736419209
887840101
168009830
840273778
665974592
452296674
290814618
500527655
310273420
861686059
745294974
624787593
223705008
303828443
267029974
469457920
893371716
543461741
591797741
722777135
850003469
847102116
846499414
588185788
722260858
267985681
911637859
791668324
830058415
306726607
839891908
464803471
419983585
69939113
351514599
724616550
670727928
865166457
407358117
625825397
790289772
599772021
696429402
700999673
710566447
833150937
102466921
835571356
937774234
504754522
76005799
686629503
492350562
550247095
72836914
688128099
219383227
994361111
803247259
867399939
355716858
136253033
997615033
950541413
312921148
714768310
606035726
576712453
533111620
132373360
980558313
791271861
139949146
162584003
390596856
613567124
625056490
605449424
840243755
206072673
354076373
495283139
450148710
838846651
133165155
416250346
227728517
939591465
458648696
361659726
630289732
683021330
424061999
979417833
887968445
626078644
119480274
722074487
705215505
248712786
360099482
147815858
909612577
217229898
747050297
444695477
996878156
102392404
445430830
524332461
624743473
547749304
16907940
668424999
525908728
149139613
557222616
332617747
910158752
507994024
798662605
424471970
819033587
815390466
875456358
464197989
509133459
119874423
430244581
911544423
431398532
132106089
842988406
578613528
61168694
700906953
224230620
669408471
633583378
308822342
756672684
512291241
328693363
168993515
794342231
884458822
376546482
546746404
47521417
697496142
480568853
960484924
799917216
154573708
915514914
827625134
553101032
191190949
787926107
591251726
76556920
391192780
1269498
127172886
605673481
31504558
815177159
807051405
270925442
473216140
401173524
989942439
678645004
425100730
570783854
423660581
809147045
932522825
874873531
176426009
71083023
938190575
135127670
812949289
772354085
284286730
121662915
469297981
504004268
780157296
522566926
490124357
118373495
260120131
15731289
978289687
481432548
420468308
622118892
174379358
283112558
189470681
402221640
629885504
426543850
609809727
75905563
148942018
397054725
5123122
870233614
591862722
890478791
201047297
404566473
854234320
49224693
756853268
322122825
403613194
310938424
626626030
548941026
904929109
429886859
114698753
980877529
489041980
626374879
449786540
7684678
619711655
771205243
53762348
878439774
353237090
38112932
611729116
378410596
807407956
632881038
600247272
315015895
921071216
668788594
614286820
755818306
178570697
155601410
294433211
69439115
164100816
418982138
765179455
439748429
967882134
50266749
415270368
678376228
478095807
391504276
967351761
159870704
539692217
922266185
583300055
207619556
419854424
533899987
330518441
215747858
119135923
930975010
490160385
540889867
658142568
301902742
16459708
149720969
988570624
816241359
2913124
269394090
875976474
210727150
833464958
636526362
647559114
631571058
849745111
1524659
411727999
10969306
929101019
518209950
940550736
307053542
748772995
898885794
630779371
985438034
890672467
265086062
175908019
382868136
485547713
354235385
34336730
655244960
991701607
145666955
797223710
840333744
893184089
81113091
418147955
250445208
79031757
319524384
290201771
351536776
676593748
516785528
40683465
333504649
735738812
160629200
714790542
161571637
363951955
81961562
206734633
434366847
6447613
926118839
611772510
786175242
904761997
743803466
16832861
812321326
279269750
379154532
781209873
426521845
647877817
914348486
884322958
801783059
204617296
26437028
158476005
381239946
229222322
11553621
505273927
500269541
298286563
933206358
173247787
24882416
872439091
656913293
859120323
109708511
448502192
271053728
68737535
424231703
133927684
11975766
371981228
588526297
206926103
172675943
249807770
698945852
78713887
918441203
524576153
152654002
671781658
215017554
779522397
182071885
469892335
676195916
816032874
481591597
785330141
917162749
309224140
91211625
677640622
164062526
103640370
567788584
143572955
312271317
432427424
931130120
992276321
260418024
288620685
940011740
887446980
526966736
411644529
438343364
981248607
159903437
895293057
613776641
165343740
429189428
163624609
530585911
488743698
800004761
315088097
647210390
512454284
917005671
514865212
153829870
214252083
648253291
415234445
100561656
272690479
37323068
705395131
311511225
209219527
317999626
138056453
614729520
555165678
224274174
716325626
667135333
154974090
973936230
327712981
912258989
583324651
305006311
338251196
44927917
967157169
110665429
10505432
476459697
573628392
855611499
117035022
397998406
495128819
754044252
893750467
663173918
225689834
946886634
730543402
805507753
702567240
69354766
704111321
42118029
200184674
232195026
639680284
63183336
232235975
100486706
16538583
495704726
379345051
277180375
694321350
770062377
141875432
673004068
685532653
374416557
512896663
16463950
930299131
748605609
507593056
766981593
136833674
822185536
605904584
919328792
592833561
959017434
597206267
616280583
208263727
771624154
163285740
233716638
645753224
840037653
885194045
435835220
623417194
495210271
89418734
217568714
89038423
464022557
15158456
448210607
736484086
627885741
299686184
873455014
15452654
439489340
982507455
599130298
667906542
19077512
994996326
603508709
203703548
940087958
506119345
365069104
842582069
439663129
866692076
730393384
932217069
123545075
181128303
414578032
400430197
851677431
757467903
589211368
835371339
109576644
908186702
776821411
595960539
302027709
920841693
168734844
523403819
611453038
201506389
316394379
387531093
12515781
691065410
861382346
218491820
874483347
589785183
875124733
408859087
176783061
246288838
236083386
929778154
823247697
243072764
200883918
693840127
493758444
185552851
265226531
826398223
579702272
103758648
458939572
569838474
264265162
495631554
230056850
932713896
825783891
124274775
219093178
120285311
659365007
65855092
512374404
660542004
618709280
489173129
432207961
687698574
262419480
769599311
194049649
559710431
693691549
281090958
927093983
712628532
524284506
128040908
317709917
650953847
796616251
731088916
428503022
777022445
996501865
807766421
386294635
995233396
618034308
753642234
856448845
347240260
5759692
236502105
634781235
550534237
622283559
431502281
893271640
794846990
387817849
883318421
991025287
261774940
829237191
873677622
808505235
466562036
856743020
417298916
10408489
540315912
824229667
806737625
320264489
916672727
531947744
563498278
380920809
72972701
428571919
9438408
458960616
833274626
737592177
458786318
764727713
162375999
511947304
432623963
286595528
847976066
375943422
905595422
707142438
558023628
299982128
588420717
897677845
743086359
85686052
524546872
199339133
441209281
806849640
505395514
379282547
248324683
957204479
95048166
260875478
701839552
956748424
82658632
346005542
631556633
378288814
143451664
637068197
797066975
798289062
191951254
337521983
875462144
35974113
478810949
902677931
572231676
546629008
390817790
644088314
518735121
843113095
521579684
671511389
429163444
255412948
105010902
335789653
906963486
47285128
918446331
850246452
249127194
27400530
156403477
536559044
145514468
152401584
453220115
673291738
112049501
325753313
645601288
413902587
960032036
263585194
669231311
34086532
837159686
467601971
584537368
409370138
603221054
648125016
891348695
236670518
148513377
835125472
388294659
924446608
936872315
955471315
159337179
784029014
894727594
860037642
75828068
518782489
109950028
533224118
166658372
869306373
558351817
697948254
898172908
870519616
883214385
588697386
331093087
378638082
358063811
675911288
159734444
964370782
946949392
649961923
507170492
520071689
920139709
9167057
747464936
600461516
269076445
36178364
365174131
539579616
500780078
435370364
577787681
714868244
534696480
231731353
421574219
307401127
142295758
56620634
191482569
666085409
134978765
952772398
450651373
551533143
64217142
366563658
669415227
255770849
879731790
558504784
673271053
529616009
773723311
838536985
198273020
471585709
134454638
323322017
624596731
253833565
254237269
600746547
294736041
922691319
577147554
422377427
83415752
414774288
666397903
339920246
450832401
63403523
58188932
474623364
828676492
21696878
552127156
207642370
355501215
50960770
893554282
665082071
488069175
590752740
38039295
526796249
812589690
429289808
612267185
552334742
724384941
246944547
345238363
239479610
947276815
16244503
46223864
317505298
318944170
873809026
829428567
423833439
152505823
461311235
931055117
480916605
117015934
736442873
942838655
525266472
32255206
878729086
364853995
164746601
599324460
518046723
356336349
119759788
496260041
486905602
374766740
218318113
830284150
954517449
300711097
34021969
110869614
116195878
430014422
662850214
236575953
288877565
233705980
375773855
744258642
473877397
685532312
722284878
728034467
187309110
373269853
127427224
389717469
243719195
100472995
617158527
892984207
397607650
169673171
115094456
144394487
888582827
623567273
615979172
580954232
271477896
375553186
115262375
498274117
610766977
296386936
796805577
743243494
910069541
9887649
800063182
468657433
150985493
437463491
198682547
192361993
262420255
606856214
837727817
162671057
480304289
270816506
752870801
805264009
359699493
724244152
54191729
538903042
128853753
245302706
566399285
948300474
41382444
618628894
213662457
230434607
831702211
55669536
12752373
441935743
705514811
216966850
725015268
970858671
2373983
775858825
102195557
518817648
797733911
291751627
365311855
877579952
881650819
665956017
402513759
396291603
61148641
961443517
225281594
264940745
482972319
557953490
670206536
680662171
346248034
371000943
758723801
583367640
706753511
331444966
430161269
611024439
638130930
291090379
610027176
899243717
617079423
541224541
370547923
123845167
796179428
725976569
785648690
480140405
211741002
837358582
961611979
806663194
926165694
844907365
424311884
279087556
542854953
112453199
668094390
657391784
146792462
213304983
369246261
255682417
396283951
110305383
752203572
859960535
32840174
63993621
84773084
769580673
960961756
791037145
760378211
140712646
644299708
413051712
677274154
953253599
140038713
905487374
654708149
538073370
116436903
858277860
559035116
345227983
469174878
88077301
771892431
339352269
626679842
322143031
800447622
358351689
673103283
453393423
133090577
210858070
505423034
948972766
490487771
224085852
185804297
759494887
737542026
712250187
558788912
547788730
721422058
93584141
880753746
537912950
257335782
851282641
408684792
440095781
426412147
253791148
295990253
441954562
86889398
93441820
505685162
506799234
522450092
11647824
478145380
767077276
635054898
533833441
569867347
302600723
408229407
962376327
212610805
107624680
39018823
307810713
409044723
735714904
787541687
676026766
599595600
77630344
891915798
529799847
543975112
401295160
618668963
221407776
724078131
152723494
749494040
180595074
876192567
413999008
298418938
105576586
170664820
848068379
673535539
140779455
771200877
907691959
857068276
563039379
122328821
117893911
177032660
596260864
969338210
717239771
62636124
768175
622840779
465617681
878634187
868913308
292194312
392852690
979495763
638406683
783996049
992260231
240656682
229863201
789797275
307184405
869168688
365702027
252181396
194691231
862720423
541988378
330497187
64717994
771639213
916281077
106943534
549716778
402265518
351701641
186554235
699703240
360546143
161658835
360804660
882523508
851789300
591683047
827526811
222069884
506156252
899962056
320063243
725228089
451092066
573433876
641831602
848878855
99882849
249652917
204123786
332573973
426717779
627337153
386207717
830187713
622910106
572084694
661135691
595197939
760915269
203448046
422758506
822144117
712911510
25742108
959679278
770841762
131895111
348944286
21642062
364994639
335564952
574360592
868141707
536119324
61921497
187073659
641370336
955656009
228504764
189853032
913562183
18851695
426162509
820913833
445208736
130674830
450226123
18424462
66566367
416554968
486496198
177159463
183748508
375900349
650926481
899288237
328403348
5384588
436463591
681402939
61238191
176922017
395665708
796107431
610906590
707397022
581715836
462035417
242598058
708104933
877168135
782473341
276049586
287995468
207135514
278417150
175874689
141421408
320776843
70990860
488081247
293876724
627764530
434811081
354295558
634448629
302945653
231070148
985562225
920660560
716732425
556440956
616935117
101823858
153244737
529424713
555692792
247501220
75331076
919053367
553184003
703456929
147064740
939829894
66299947
500309741
3140863
420757665
289100838
73555444
55741750
581513380
635111565
166560705
448692083
228770615
377802629
946827242
950419726
408195966
340732720
800673097
126145266
512702610
193586815
998423494
395389526
577412649
405449099
764980993
904653420
171017643
506426385
881452497
286004789
421145366
362357854
458822739
510437020
72289744
523382624
919720471
545570590
678904801
427343649
963699229
250462797
399870287
616022376
364817196
926683766
381214177
691732929
202598082
467340229
59899756
563930560
60438542
318033736
485790817
909647613
394219454
447237622
310835769
721433018
332271638
608082891
599846920
849587726
437332393
637937608
697085674
998301282
351265428
92024732
611557334
336421524
699511597
133495993
864902462
174723321
845788183
855229965
89681599
109052916
855694932
186351047
920010351
200864242
418097104
891192631
191152107
207693682
210130942
607997347
179950351
971088120
990171984
306121159
29804025
215260895
188329549
253466309
218248685
735903281
546201413
497743019
520959175
678617326
923880778
308436688
5849498
454473534
975649870
575304479
746906236
222428872
608194315
158928315
585058659
525576424
855722508
549522382
804863951
988527097
768791379
660097165
472261829
830292323
687253792
178535460
499872946
408622464
91697829
381112072
108926039
514938506
798318503
840507116
136312817
363143940
569964589
429937588
361662885
692320779
785896920
308614708
423670260
637603562
557072667
598010595
789182030
890137308
845564976
954346714
30290247
435015276
275175852
232800504
547212084
330275569
809661275
411631453
524824851
86089790
436122930
463116320
262715280
183528104
124533438
131785652
132314374
108658616
600014147
875025265
188159063
397561787
122680410
851059462
882859743
441806455
257282476
149658364
181830525
470573249
224638746
964108912
317679482
845926204
957931073
123692260
945216560
793389275
424637894
142575009
16704915
185643384
943657779
314918194
494846163
291301659
599080341
37536115
540099425
518744641
241810700
47121609
219251934
533765639
131833740
294394536
314181434
753497489
997341895
78113627
681413011
825526240
900390880
897518322
373612233
155403651
916216539
421029940
649751045
572357510
604923978
264958656
982235712
287102860
603628810
720528865
571743090
203842998
579200029
997243524
75092808
485310290
121299463
960096026
305305872
816876846
70227327
955896958
858916454
142948778
252889437
444607090
116548189
535532683
528773276
238217602
616512060
450632102
807556019
666489574
230508626
947953023
303209698
555661482
252585887
730364941
693260019
36369639
318833939
982248280
437245359
906368689
803088861
118514741
111948308
9068759
694720775
49377396
495167556
664080762
778637077
618685133
537002177
713468731
583024792
415626286
817470786
615106526
810333873
759019096
479060520
625499094
956465411
395704362
180488180
473530373
218381295
679622858
137228629
853067748
767509979
98807318
896777663
644116203
705019265
939384712
890688247
521198905
604747472
353099432
615500359
787807496
353936140
463304356
132512586
987847676
291217441
373555695
188603910
356299535
200843406
809712897
751323987
705429088
685022164
945190239
828664997
418817964
835384229
129438730
151507531
217565631
565379543
62726967
101510004
28965115
50394763
787806370
894093993
870804779
779668955
449273334
206511599
689969216
885373399
212830938
816730275
518423868
475240005
978932154
30855204
939976102
720295997
974189286
23349225
385443314
413105952
35834924
326695377
732655132
631673616
558215769
188024427
175248065
12477911
870153024
618718613
521311201
544366124
229755884
636188659
150289244
971885571
857295239
352729392
646288423
734622056
183153003
237736873
153261849
422124070
142996557
342134878
252436835
332746362
596606175
21881708
414173124
236030691
8090113
656289292
999358739
621212368
354054187
22035487
675245880
33425492
900242736
251777926
595768865
898082319
892075911
130119141
700335335
288919352
299168618
627707870
39163377
900505005
305466634
39653606
68876064
956588297
387008506
674813913
502496608
742288503
514377253
173796606
323368147
741120269
297497227
738741754
951910040
842564877
380335405
251623032
978968962
991304462
736694675
706743982
521146627
569873772
753717327
764906703
685283389
675017915
526474041
515445027
505949798
229882063
671238562
240667959
958928407
543830445
225471921
441666934
804886956
945898275
911683301
167992083
285864705
79566290
847026950
585710620
461454485
794003565
380980715
521377984
603779531
794685628
607873342
548365625
390955439
171388115
923902193
777065154
433565509
938061183
517118048
461232246
898776554
696829897
23613261
649984903
222795735
76913052
701038438
572516790
87525762
871223584
730233382
501611805
814304451
781100688
417797518
253903375
797433588
502565191
517233884
540450783
609289480
955743876
2366836
772535241
869642420
727339086
71995328
412694680
882623344
154457339
837457844
532416020
480055835
477854551
332199595
657028900
380545729
454094741
54998362
546186438
392824467
558935276
478889940
585008274
782018793
385846954
785777387
385117992
946035117
952770281
445637438
657996164
115251630
910566104
426670597
163020255
709319286
880188022
669159217
115157032
438116335
729583382
428068706
70534615
222688334
709680318
234641289
536800835
771731180
236891354
854199278
449569187
737216001
623806634
986843186
879095358
69853620
443814522
442181302
803282128
922824900
27656587
878189246
582847270
212494369
545431421
992016685
867167173
895326332
257490882
512657644
156666841
863766316
690522305
791029683
720441305
992907523
728365614
663894055
559496233
278765661
439499456
28776620
474223048
423016759
150877029
149289253
594207978
383614430
143350235
267101613
683851387
489369151
30424702
42343564
415955717
348286546
527269113
284989827
769469002
452315263
797602400
948922234
262124573
251562014
660570353
763121412
956435503
208455553
307265817
39432202
491738392
951743020
267242537
327883039
557085465
904944612
652983039
200778156
307424574
959905757
129849665
120565613
553623849
410870251
908883681
28890551
480060889
787883396
838523736
190888291
440767616
805141276
930554707
814351551
448755915
191232481
421816277
536957139
31437997
834212777
471759668
857081511
603644528
986060282
632524102
890464738
444287020
915419566
977674976
977475818
504016141
137825894
976299669
519918080
477859507
691340968
845177872
734393109
585398346
444312489
936159866
116319216
526099274
859333511
524389330
834182300
269130971
585074822
21496054
435817144
139133364
293549594
415876126
294034590
948623944
172946287
189549083
500627641
703395406
985546442
389174027
954393791
778447704
736800220
321618506
743454950
408454223
386198824
83789064
51502440
543776856
785550650
134928080
551169205
951040456
272255812
781735153
746224596
619120971
701641890
926303905
558717096
492650932
437351603
176812911
395754101
576182757
709932587
166383365
623152985
450549838
51293346
581107196
356619299
960642678
438260211
802122336
971186794
553502406
131593786
672073692
104675396
522919802
229421786
225700803
709544360
754009288
199633548
294395501
351255757
505866390
813102537
695337554
30044587
742000352
29969633
331521739
125791424
146961506
423387915
333625596
870939272
997221865
966281654
881108872
592266572
834121889
915193809
929018312
411490486
659708457
602572221
64742127
78039929
643405498
286764786
94234335
13789541
857421202
808762895
610546643
545333137
469987528
279991329
467008521
692014850
505594647
591918430
909304784
36952346
154697585
345183215
81770841
116356670
399110226
447077873
644710609
916868809
619682153
271825966
394205755
702751213
915114789
865023719
377912303
132735932
263201810
330491713
346302531
95122984
480259752
266484012
756989738
335384096
877192726
337996005
942398686
819853090
782386698
654423563
939253536
46334582
143844660
776352718
781731685
775621261
320741997
132227373
87116098
663377627
180713374
569558902
79205524
725510970
658622116
962011005
698746706
979104666
207573886
391608655
681133285
366385982
959532494
610686575
14012494
213504479
591353667
178812002
68247876
527160337
429096077
44231032
485397572
542755721
415962276
836749210
988391225
621331160
805749669
855528637
314547961
482139011
945922955
460263541
427119967
794948725
537837269
913396901
949636447
648883784
193058229
973858443
856162762
461144828
335349386
180422442
414513273
834771571
389000
630961409
274398519
818812630
610924208
17473967
32889305
550712850
847342876
524098011
205086615
540158664
378161530
209189512
186501948
98694899
908848462
846362322
502618650
257732023
496668043
716033529
645952506
514701753
443234704
165337335
732694081
19231016
486749389
709335167
256989131
868656621
676499454
322558367
51505036
781630383
469570323
422804562
7894621
665528497
329352358
28267485
859832465
237098043
329171325
486856240
668464201
214287161
440461262
326523025
427515140
275613724
782059709
638729566
21271936
247168272
278025444
102703128
636208928
788552392
36514444
893908961
219855581
617804266
773672880
564325578
627947323
910435876
536684407
528216523
204903444
298888743
742867925
621149299
976759697
556639190
456266370
204157716
435171780
949791814
287476556
655990143
724734849
89305452
17287410
214503286
633583362
719715020
667363260
680279922
459895062
801793393
538200711
871073298
449468644
912328334
211193109
196924207
320799817
937468396
939892216
72510586
939467840
948583079
919809432
809305401
517595906
647540407
325677221
929588289
679810496
165146238
801590823
240151478
737786913
955485081
546302146
240263617
705304191
726286683
606958419
14392342
937854485
781497080
859790457
691519439
368429303
651349832
445842856
63359579
676725047
504114531
539254665
441231644
602037713
842065134
794044852
420065368
781811682
28957361
165870509
435367871
985760843
15263039
870144764
493215842
128324001
197878148
29156346
811870506
501201177
729774238
808030957
110093698
730011879
792997900
875743053
904056728
245536914
440616527
269818261
531140698
308956208
364495188
471606686
468882029
529189986
622501807
934993650
680092373
723725790
9645931
491352449
868195049
880598411
86315685
860629150
600491506
699961844
680069284
723179325
678808907
510943087
748432287
260928992
468573964
637508978
548812575
840215328
769885162
742506415
913760521
126050300
731804339
274994960
878320691
441835510
181366117
897741176
829425795
983873564
122249115
725997474
910200611
972678234
608110444
134619038
559756736
229489492
446774090
758854358
714120227
118333843
383016109
34626267
386479722
111659271
271367716
806130249
486158953
283121774
247693870
73693876
638438254
283846523
58252626
420698893
863710897
677587342
199594159
187640103
407354918
566403969
910656023
372121514
757117481
853427640
930714607
232802855
684696622
130355698
641611960
518867164
479183912
163836458
243922964
915687684
905915147
888691070
465918912
344216361
807085524
622423238
157374072
819403656
158782323
539061987
600583969
602691514
170567496
760319595
531273156
914264522
652750548
623520577
585577581
487094725
566275933
16505419
858194409
968302570
328114282
998558178
785338933
44957713
714819660
416886780
684027344
755715553
31744778
675027078
409205323
927891859
875042132
633309076
940594111
525687820
496621931
54765797
53705257
392044271
369042273
565406303
23521017
533682893
198796488
581039814
467143991
529552480
325516489
421688209
375375991
505638737
29391027
273303215
904831808
885950512
160613514
58638535
311089433
960643754
863706453
203820971
430522596
508266280
683628176
982180605
639575069
240354144
471903079
588297731
292176255
362021677
76430551
109355532
260611653
366187014
455869506
364493594
546905264
849223235
401401605
294749727
737276001
408803550
527961873
56448449
694232522
439115987
681637450
762919075
19598181
666510050
270725253
878087802
281932893
749513894
912272108
855954380
69999834
431077770
611799092
676769165
198615660
578235526
635571333
327376176
259785414
735284742
400871687
744885372
507569456
869844200
700649114
56161852
715949517
586417145
193788469
162714432
73969418
771201638
357864698
980386704
844592943
120013595
948784960
354547940
640107949
780142277
473706579
277348981
959957807
231218370
299958863
675325631
367614403
122244252
773934266
351005007
533770556
137949890
290574638
92255611
646436170
198169537
51487320
5366841
581257008
86839400
569461106
292799764
242142063
341207884
365388952
352437950
142518365
917129917
632573967
814632025
591557803
524736891
191815160
581273116
185608582
332786673
543835411
681628865
566318535
296453386
261674298
341311927
677453631
225711328
91990445
197119775
306535277
315951861
103493480
721213647
512450545
250141767
204053054
916207616
686839765
769185282
287510711
196430028
282493204
894294880
295879757
238536055
910927121
775380051
333348203
714313215
109628563
159391351
246027084
442032113
236505950
322819609
852544860
85470596
230869638
825730273
706771469
17489734
911118572
760799691
676343197
547713449
482841627
329512131
