12768034741601566720
0
11612012669686513664
1224979098644774912
7798838343763492864
4259540172798705664
10533545932836831232
8474069970514870272
11009110215097319424
9845887224814804992
13103609969575596032
2101253775372058624
10890689061400346624
12031445798148374528
5549286191910092800
11515341127078969344
5836665117072162816
17360953688448827392
990817096586199040
14011999945763061760
725950471327449088
17109172147920093184
11313042263954685952
5901677384934883328
13165063056763387904
12525389436910922808
6829093033233874944
11080755039424217088
0
15098599225736298496
10631959956611399680
13763000461244235776
27076272697901056
7761360054929850368
10448351135499550720
6082883181907699712
3225140283150696448
17643364217725386752
3357261173757050880
0
15268469374181179392
1146689889036140544
6106872298621370368
607967450566230016
867074922244079616
6829332834137726976
17755071986687541248
10525153250406039552
13026021308469608448
10673962312855977984
4216776626102337536
7417147111302496256
14179155622263521280
14219806036616806400
17552365581548650496
6108627943813021696
3843532285768892416
5183018107727249408
7896583482273447936
9128651998953215488
10035790619191349248
10020227695922642944
1573074949466226688
9580239469320077312
15318780827244953600
5618236961731903488
0
0
7182418996728168448
8061265370045153280
9571098745706119168
7939656477298393088
6080616789954265088
16069809120404439040
18167085490207981568
15991634450082430976
0
15230714069028700160
14874210756303435664
3360366900782039040
3028825060421235456
5681156789509292032
0
1317809101633224704
14576844402606473216
15968610211044786176
15692767229126901760
16355166507468062720
15371750352151904256
1057312037122297856
16007270819302473728
14712641361299898368
6947168422937493504
3046047415631495168
2089670227099910144
896885668590253056
18232358657809711104
13338880159505707008
15204152342002794496
2874138331515656960
1594625083281768448
15865872474571145216
4901191291821359104
294699554408759296
10273759256446795776
10390437659041333248
6830825663843270656
0
18119439829292285952
0
6596633029257737472
9179649163125751808
2657318997149614080
17699996065322943488
8835386740723154944
6810352482456174592
6829497728674824192
6867263711911084032
0
10648682154080337920
0
0
17033214370034745344
4251398048237748224
5081563469331320832
15504299497336340480
0
0
15060037153926938624
0
16040212308348395520
936748722493063168
16070039739108950016
10262961511425114112
3182764913901461504
7330398510761639936
13098046486588060160
17837909301846867968
0
2951546605787938816
0
14525515575617912832
10280460996036476928
13395513577184428032
886106866185142272
15452603497051062272
6621163779542614016
12851249410486566912
1193595219391217664
13246416826092486656
8273460785787699200
16853014063876145152
9437438487549706240
5420371323098497024
7712271717390515456
9563364396785205248
12983358831476604928
16501421055459137248
12862377606920536064
15786229201293541376
2894035550585487360
10181418304331350016
2156942357418695680
7710162562058289152
8046201902808956928
0
3386706919782612992
6893809813050884096
8010944972451375616
8887633962290118656
257005725132521472
9714783365726470144
0
9901058566645612544
5300458421764489216
2822197531709014016
157656180578058240
5855894974439096320
730518595372580864
10848238331424145408
5759735429402050560
16357073846609641472
2875829837052772352
1692790509937885184
0
9271151872180224
5746721502367750144
0
6223418103234035712
7359922084815831040
13965936672934723584
17500426724775559168
13663326433651458048
1437209032061353984
1272959560288010240
0
2522015791327477760
4408351387789162688
10500705481167732736
0
0
7503580575250251776
13646412646281379840
12076965350747406336
10494349613957514788
18433660435094831104
13985142165346539008
1631651053268041728
16346049593273745408
732584125919133696
7117222054599852032
18014390988432474112
4753980958048911360
0
3389995284183384064
11457157452030541824
0
8196898767488679936
8613418238371430400
10613918851995271168
9574701186301296640
4187461661830938624
0
17166763826339643392
1848857440947273728
15425532960941539328
8910487737681838080
10894779244655673344
373595135746768896
13410830634226548736
8582515087535767552
5652867026872434688
5153877192316289024
12952007470644985856
6989586621679009792
7079144018541543424
17654110539292344320
0
6380536596772424704
3407166082396454912
0
17741593238059352064
0
12235423691896820736
10832419359059025920
12074315513765822464
1268963274662608896
8866591067341209600
2884801870189035520
1245130759048527872
9799972001101008896
384492481724547072
15043084771511894016
1838876022850715648
4286449075896451072
505086229864251392
3511111757760299008
8375970849945026560
9465345409070137344
0
17459941701417172992
16759383458995765248
11054905859622567936
2055080690801704960
4343498107102429184
7230810676720041984
11159345024376766464
13174894686839058432
6600922713097764864
10082355591411154944
5749104409082593280
4548340067617210368
17843618240287211520
10726215772633300992
9499710134021741456
15865785362685852672
16358685917814882304
4827858800541171712
6941353640578547712
488429453337165824
4883010147188414464
9370898802245107712
0
0
918065805059424256
8232349770511826944
8954584874572840960
10262293086738579456
17043497419838849024
12285534722729181184
9976271488718036992
3480313176106467328
0
12634436987483324416
16357073846609641472
0
2605537255447592960
12812736106374983680
1564798560371736576
16311112338315935744
0
7433754134928424960
5135155120635379712
11788875712084049920
4659184920747311104
3577561247643598848
5442667466847158272
16603346183661813760
0
16933949845884551168
0
12898309332789100544
15702793726210342912
12476500283277180928
13330654897016668160
0
5460002656544096256
14181367414734716928
12374735364659609600
12465795234482618368
6071766839793811456
1675814365716021248
2789959836496822272
7050200498695045120
11814084764929884160
16007986205786398720
8286908595241484288
4491432041962799104
2490637937643388928
16357073846609641472
18283910799682437120
0
16209037946131251200
0
5542221060860346368
7961959051926962176
12085248329674915840
0
15930883789320880128
7132194834579718144
17601032165217271808
15216199836937224192
4684812725211922432
1897455970909421568
18052201102224392192
12706979591075659776
648518346341351424
3933263144189744896
18382040563194003456
15041389436719857664
9972842655333220352
12371141604461772800
13888001464304926720
2018697647014543360
742217182853201920
14835024858567409664
10736581511651262464
7357952409031147520
14771806777775226880
17460407001882427392
17314803449983926272
159737049283297280
17331429104639016960
5691378637727596544
7306608790433955840
7119835383594024960
12959753069832790016
0
17088894826093372732
3759758045165912064
15764683542715432960
14302937752200085504
10716011015874674432
0
7002768116828602368
758556667811987456
14173630871727910912
7905791527752826880
10262804146035574784
9439544818968559616
3650762999717691392
8497938778801831936
9638978636061081600
16521937422544535552
260891576118984192
5849894440977563648
5038310784718435056
16798537839678586880
0
3825783254212935680
3234113637458116608
7964785119766511616
1826927890944491520
16748183997636935680
13000403352708710400
12898309332789100544
16630159428267540480
17437975140573904896
0
648345531360886784
7854277750134145024
15218955814371852288
18270130379933351936
3687298096931291136
0
14637756863108201472
1383377105974198272
15481078310316539904
0
6124895493223874560
16579480964611178496
12268586313090859008
4959631523616653312
14949534934019080192
576131819305435136
18230571291595767808
17566198548049952768
11558762624694878208
13718378873480019968
13770587094868279296
6601628087387947008
3318248027302395904
16645304222761353216
2988310812709355520
12050434021587419136
929502940866019328
10364755223490068480
15845199807481118720
7517475235313939430
6184427450798178304
8425285070792687616
17782235822402043904
3700935408564584448
13219824949570568192
10159058631115407360
16742382303400951808
18084827949859864576
0
16454549106497421312
5312290843954577408
0
9259422436485496832
6189085972009844736
11502038593048674304
17817542138188791808
12286980142617591808
14586098557838671872
66850306968780800
9729103051368693760
12072352954188922880
10304235947423694848
17830934933054423040
5571539401412987648
0
17087868838378209280
0
12783892238421721088
9307188542025881088
5286843054085373952
16238878851810878176
0
14804386220528369664
5871137005626195968
1291639464979857408
17671508290019786752
588212332581093376
3578407871596986368
12322246627043573760
10206755337582149632
13184441222145507328
17859611683912941568
1623194713844613120
18209418638161870848
13274014762397597696
9090529858533982208
17528291224702681088
18108880661052915712
10136430681815777280
17468316713698197504
17617364869777981440
9710898912159596544
15924728282382073856
0
13966897470911807488
6606851022096695296
0
8752165849071058944
17343361141452046336
2562266712997101568
13517697782617473024
10880696699727118336
0
516225107287343104
0
0
0
4610445769311256576
1754996479790940160
7428995103741575168
15954846130659917824
