622449506
8995347
198327217
109297158
51001399
602099074
73459486
88361242
115153508
815044181
874054699
579963961
15774702
884644776
226741107
884103936
310122795
946576126
611253309
649395667
321007799
407785464
986189621
302069243
202312300
274996876
754939827
744923774
691159282
530082470
676368610
874153735
872587891
279739220
798899482
946526233
607904692
247875153
66449990
159404051
3192049
688815985
596284991
23557551
322232913
224506505
814514029
411156321
778979949
9408974
504195699
352239146
747711549
461200790
840832276
142436130
485100808
858216357
497671109
214923090
389960326
570191971
588263247
124344592
881947901
796087294
98986075
807045381
542283297
126057564
534917502
238671378
432026473
155487717
82691001
297042151
483458342
404263070
420137177
682734406
563578009
208744457
674622562
928701027
806741207
754950736
858753351
977942387
330595450
338674513
198775848
651452904
172896190
666421860
613736444
614970204
68453285
711723311
942581355
839992231
635809544
96128567
916255753
659301441
359905095
999618270
345200752
41645532
815030454
519218456
7532631
570466656
781241463
598553903
628368161
457961677
157410682
789905127
629964742
281703611
113332580
38586958
876173191
267503193
573179510
497396192
613228069
535924919
543149538
208857143
988660402
587554005
249221912
229291165
339694561
463873512
87599802
62264777
876905880
273955585
97102409
822323125
763445945
493884167
349333271
539242040
420166605
358510769
811354847
481415976
523270940
807423399
643377548
544475020
863787
532892105
747381607
663964801
884877535
5620017
595727184
653929190
852657967
98992597
153037098
897749672
73996295
798688792
730776985
199564839
32540060
352052469
274610217
537088756
335987738
140767372
195953765
302007696
422597942
478104508
190871132
203852512
610461297
387861330
119569722
219718812
721315402
78937658
245964203
276792889
67200519
350867403
120346476
3593102
835113487
49983106
412591006
423494247
799719427
208891431
538484133
98543161
84968077
171375314
432871935
560133981
334011298
523050508
754351678
168979319
611465425
514525493
918114796
10630175
139783061
327273255
488550285
440954114
642635549
494108962
804616638
863482110
649606548
853033521
743674334
815079207
146785337
552019024
771766568
878987792
843386079
638120897
349830806
499480026
86080117
505280230
537253113
152475389
848260042
214396989
233383329
412168209
983282778
697403464
837610872
35098708
915044330
63902570
28384579
490512494
289467031
417826044
942119844
124858197
507435964
997876647
984802735
142123698
99202416
949861333
800346591
878641368
709302830
668024690
666360605
643594681
913456357
744029660
623575909
799875498
931106901
803413082
480130215
286688005
106790024
564870605
95475015
75211251
413843677
370759446
176833201
432452968
628317364
221263037
385769480
525276662
564283225
26327648
265228479
644750926
458669262
631573268
473135814
98780032
874985133
889376519
303367779
625550409
663110006
400016169
585662418
451940343
488049135
496259746
812919183
62342403
865924617
140806981
564819542
703271587
111572554
220764277
87077372
4646965
216931557
429936431
204278342
147062500
962435252
567828022
526818090
328515211
303713639
409628732
697806103
261792217
962924723
597326079
99589229
507244668
903387410
249494425
930992499
40546996
603007579
398481616
249965825
300514096
632559619
164941444
440987662
858873911
955552315
722837232
91345191
932587749
633841380
782661887
522247446
251717543
518825347
207924318
279505900
844211858
178827091
124745015
944746739
739109541
672574188
980792115
198791464
938090495
141873791
377704162
639411740
870580471
46801063
959917240
213673576
656947396
56115649
150740392
397996408
571262308
494300975
353162904
204984899
862626783
515908731
389274346
58717602
972861632
820397859
578316790
568221663
746552726
329212132
532999876
87756364
654436111
926702029
346800630
563792601
24385093
145090070
202790439
503704238
131776925
820505164
264342388
315420834
187981883
146424341
249447251
180082718
260723278
600743857
107316753
530107023
110782597
190484364
674970709
440636991
946962816
227523705
478299534
49694542
301314962
81585401
771119414
664814426
354080888
783815140
178177341
283951928
977136694
527953450
502286380
315803825
158596585
528156012
965254764
992506603
750154344
327635901
546364467
860860740
511579552
526992713
60099757
725840875
286736254
777108904
701621253
831008313
713997769
161311611
908239131
96895575
419194519
484820648
472471552
705590218
976251501
295853646
858737264
571071030
47192834
916786003
99650807
918667165
174867088
447281405
236581863
728441868
329086433
814380411
938552801
459226362
679707675
565648838
405529137
296040858
13307325
357949324
432165850
96183266
522346589
596191331
699683744
6175333
267225876
902108176
345531177
156192481
511666816
834859963
12465344
990783398
388241045
774488449
865095699
735399370
851908617
840784099
629270353
125766659
898252168
130204683
59863560
468452342
358086108
241392136
357689671
248950609
100753391
648349944
357816243
753203746
580375332
74705750
939226847
36771199
624621485
877729221
721426674
996437989
74536531
220298530
250555797
195714389
244792063
554103106
246400372
115229397
74101180
965007434
916915759
417140165
870139355
480615871
109298024
420393733
929871914
875915790
905981063
808201269
851220927
244092657
359572910
369115755
874759719
241871793
334357602
11274403
779263985
331486767
737915686
128856843
637527702
330075436
247877349
69947858
23708807
876789655
362526474
103456969
639299419
243981797
966698243
361483529
443554072
371572127
43178542
524063014
323701560
531832737
566626322
648822328
299453701
611474817
668160274
797787770
92495030
792531004
635349030
102748398
11471625
367309359
207081836
244198370
702635418
474283049
279869354
245910025
169378894
866579385
731075709
383365333
82094598
847082184
213452414
749475211
478480784
528994401
541080793
323461541
367840762
668310787
759194626
955308477
912219975
229824621
842540205
160769183
7637197
791983243
470704423
607804478
903071979
60041441
836442053
164983842
693270264
432188635
999818970
137019435
300517768
547494407
520325431
549942640
80887245
979694282
605195021
727401111
952472890
484199286
825886951
547215039
967977394
620345508
582583724
278559969
390445727
311389587
820139831
680059699
637003334
307584398
551342952
497491124
483695492
538503233
762006758
154441116
839971415
581093855
982530903
247822109
107264689
644821283
613698026
743773640
578606202
636540411
283200658
896918100
844602186
615228687
267489330
704131592
330691519
340737179
478730131
359244061
179529964
40802123
226743884
389407060
635148390
429184211
132191931
918178086
360168594
626316366
648795779
511521625
155800775
964675123
211202910
214831870
491072781
873002522
755142938
850913916
704980073
947804771
17662362
409621171
977152248
730538319
946095437
423128750
958577175
880287574
28320185
216693613
787473326
754304330
212428954
950005043
884544053
498749821
924181395
482903810
372858601
167274165
753102068
660214967
335668058
405766184
522618920
605666356
298224400
738789247
374121149
131025830
317305005
940446077
45087717
906455871
297522987
108642869
395676938
639177524
161117044
866261306
462436570
74747030
890453103
343507665
405005537
637669541
48122215
13458972
473754611
136879172
969823859
646764638
729540418
103414765
983426413
801853875
817724201
944790859
573284187
195884104
68184368
13005902
891413901
215484089
640362020
777030256
591058471
17649632
701725718
750965197
678904135
145537789
818980595
749408357
45881814
951986056
743300480
762251048
406533325
185391890
362650068
919170309
261320496
622430047
459356076
400473416
917839295
290189243
314990830
132075172
246894723
805079763
209697838
744484144
88717735
194729463
398007522
884235799
615615101
587263580
658557223
685561698
720654546
446205828
42440200
392687595
922487511
1500071
286731448
159575057
925898635
25493699
969972012
87413145
396401858
580997612
693874185
9045078
384416873
63565138
475693317
927866790
960114685
414051681
172056728
442856967
341644497
966593502
967592025
176601283
873882138
792808206
521760017
36814080
277558236
66012316
681903561
771809533
905096580
119344420
186641045
365799619
826920519
416795918
729261134
341097228
930161486
176853800
764383199
264160135
801258471
305460885
611789400
415126795
897469881
543099622
915779871
228931652
880142071
363403574
30179205
115141418
522720494
670626396
939073028
247733095
113188230
266184631
907156187
735581979
330297851
503288669
676909693
743428350
766372876
719116241
51677085
806270707
625700531
847506332
83988745
907749472
914617424
694590830
603931903
491311385
616762859
555931040
393623284
94872982
274157647
625973072
507001179
818385425
364639877
455164655
263066877
19754929
945183661
115404648
725823752
921241451
354574186
300970936
618643579
463413027
415589739
878968706
312909722
432294061
432938041
86337220
793826129
203755108
231602184
974626359
390480885
684828518
996996112
981839002
276173163
540464813
868960380
833210808
931912843
122642775
392868451
575044518
297782441
777846063
704061480
122377657
161313691
991738646
483787317
108815831
452858221
681514544
583486372
759923271
90739972
930289750
865687185
105551168
575399566
392198490
773858137
978897720
972021768
924515177
129366855
145574888
728640563
790874399
650227535
456824348
470487400
640590070
887315428
648544914
924553686
591517507
163708713
489450266
13893060
476999600
537308300
654705364
163560245
156061610
490706491
245889540
117718841
991501912
187117232
638019935
492530965
898343171
130529514
614003829
116196940
267265571
246114619
572380914
67647850
101931015
44622570
805724279
820462856
924108635
833044209
943735253
438320145
965268275
653682839
484539364
810933757
203127303
70175867
215772394
864283680
132120310
396708701
401589678
45955796
578052846
134631504
834050250
233914892
135940691
898411472
121720578
580795918
